<?xml version="1.0" encoding="UTF-8"?>
<!-- Generated by org.testng.reporters.JUnitXMLReporter -->
<testsuite ignored="2" hostname="DESKTOP-5874SPL" failures="0" tests="0" time="0.007" errors="0" timestamp="2023-04-27T14:57:00 IST">
  <testcase classname="com.obsquara.testscripts.PushNotificationTest" name="verifyTitleDescriptionField" time="0.0">
    <ignored/>
  </testcase> <!-- verifyTitleDescriptionField -->
  <testcase classname="com.obsquara.testscripts.PushNotificationTest" name="verifyPushNotificationPage" time="0.0">
    <ignored/>
  </testcase> <!-- verifyPushNotificationPage -->
</testsuite>
