<?xml version="1.0" encoding="UTF-8"?>
<!-- Generated by org.testng.reporters.JUnitXMLReporter -->
<testsuite ignored="2" hostname="DESKTOP-5874SPL" failures="0" tests="1" name="ChromeTest" time="3.497" errors="0" timestamp="2023-04-13T18:12:46 IST">
  <testcase classname="com.obsquara.testscripts.LoginPageDemoTest" name="verifyApplicationLoginSuccess" time="1.107"/>
  <testcase classname="com.obsquara.testscripts.LoginPageDemoTest" name="verifytheSignInButton" time="0.0">
    <ignored/>
  </testcase> <!-- verifytheSignInButton -->
  <testcase classname="com.obsquara.testscripts.LoginPageDemoTest" name="verifyApplicationLoginFailure" time="0.0">
    <ignored/>
  </testcase> <!-- verifyApplicationLoginFailure -->
</testsuite> <!-- ChromeTest -->
