<?xml version="1.0" encoding="UTF-8"?>
<!-- Generated by org.testng.reporters.JUnitXMLReporter -->
<testsuite ignored="1" hostname="DESKTOP-5874SPL" failures="0" tests="2" name="Chrome Test" time="6.272" errors="0" timestamp="2023-04-18T00:45:08 IST">
  <testcase classname="com.obsquara.testscripts.LoginPageDemoTest" name="verifyApplicationLoginSuccess" time="1.237"/>
  <testcase classname="com.obsquara.testscripts.LoginPageDemoTest" name="verifyApplicationLoginFailure" time="0.406"/>
  <testcase classname="com.obsquara.testscripts.LoginPageDemoTest" name="verifytheSignInButton" time="0.0">
    <ignored/>
  </testcase> <!-- verifytheSignInButton -->
</testsuite> <!-- Chrome Test -->
