<?xml version="1.0" encoding="UTF-8"?>
<!-- Generated by org.testng.reporters.JUnitXMLReporter -->
<testsuite ignored="0" hostname="DESKTOP-5874SPL" failures="0" tests="30" name="EdgeBrowsing" time="110.036" errors="0" timestamp="2023-04-27T11:43:18 IST">
  <testcase classname="com.obsquara.testscripts.AdminUserTest" name="verifyDeleteAdminUser" time="6.66"/>
  <testcase classname="com.obsquara.testscripts.LoginPageDemoTest" name="verifyApplicationLoginSuccess" time="2.919"/>
  <testcase classname="com.obsquara.testscripts.ManageSliderTest" name="verifyAddingNewLinkinSlider" time="12.343"/>
  <testcase classname="com.obsquara.testscripts.HomePageTest" name="verifyPushUpMenuButton" time="2.583"/>
  <testcase classname="com.obsquara.testscripts.PushNotificationTest" name="verifyPushNotificationPage" time="5.898"/>
  <testcase classname="com.obsquara.testscripts.ManageUserTest" name="verifySearchButtonColorinManageUser" time="4.836"/>
  <testcase classname="com.obsquara.testscripts.ExpenseCategoryTest" name="verifyToAddNewExpenseCategory" time="7.803"/>
  <testcase classname="com.obsquara.testscripts.SettingTest" name="verifyToChangePassword" time="15.819"/>
  <testcase classname="com.obsquara.testscripts.LoginPageDemoTest" name="verifyLoginCredentialsCaseSensitive" time="2.419"/>
  <testcase classname="com.obsquara.testscripts.HomePageTest" name="verifySelectFromDashBoard" time="4.384"/>
  <testcase classname="com.obsquara.testscripts.ManageDeliveryBoyTest" name="verifyToAddNewDeliveryBoy" time="16.821"/>
  <testcase classname="com.obsquara.testscripts.ManageUserTest" name="verifySearchUserandPasswordShownInDetail" time="4.956"/>
  <testcase classname="com.obsquara.testscripts.AdminUserTest" name="verifyNewAdminUser" time="17.452"/>
  <testcase classname="com.obsquara.testscripts.ManageSliderTest" name="verifyDeleteLinkinSlider" time="9.591"/>
  <testcase classname="com.obsquara.testscripts.PushNotificationTest" name="verifyTitleDescriptionField" time="6.802"/>
  <testcase classname="com.obsquara.testscripts.LoginPageDemoTest" name="verifyLoginPasswordCaseSensitive" time="1.427"/>
  <testcase classname="com.obsquara.testscripts.ExpenseCategoryTest" name="verifySearchExpenseCategory" time="13.417"/>
  <testcase classname="com.obsquara.testscripts.HomePageTest" name="verifySuccessfullyLogout" time="4.571"/>
  <testcase classname="com.obsquara.testscripts.LoginPageDemoTest" name="verifytheSignInButton" time="0.704"/>
  <testcase classname="com.obsquara.testscripts.ManageDeliveryBoyTest" name="verifySearchDeliveryBoy" time="5.412"/>
  <testcase classname="com.obsquara.testscripts.ManageSliderTest" name="verifyEditLinkinSlider" time="6.559"/>
  <testcase classname="com.obsquara.testscripts.SettingTest" name="verifytoaddNewNameMenuManagement" time="18.25"/>
  <testcase classname="com.obsquara.testscripts.LoginPageDemoTest" name="verifyApplicationLoginFailure" time="1.764"/>
  <testcase classname="com.obsquara.testscripts.ExpenseCategoryTest" name="verifyDeleteExpenseCategory" time="7.241"/>
  <testcase classname="com.obsquara.testscripts.AdminUserTest" name="verifySearchAdminUser" time="15.286"/>
  <testcase classname="com.obsquara.testscripts.ManageSliderTest" name="verifyImageUploaderinLinkinSlider" time="2.186"/>
  <testcase classname="com.obsquara.testscripts.ManageDeliveryBoyTest" name="verifyDeleteDeliveryBoy" time="6.048"/>
  <testcase classname="com.obsquara.testscripts.ExpenseCategoryTest" name="verifyEditExpenseCategory" time="6.142"/>
  <testcase classname="com.obsquara.testscripts.ManageDeliveryBoyTest" name="verifyEditDeliveryBoy" time="10.563"/>
  <testcase classname="com.obsquara.testscripts.ManageDeliveryBoyTest" name="verifyResetButton" time="1.634"/>
</testsuite> <!-- EdgeBrowsing -->
