<?xml version="1.0" encoding="UTF-8"?>
<!-- Generated by org.testng.reporters.JUnitXMLReporter -->
<testsuite ignored="3" hostname="DESKTOP-5874SPL" failures="0" tests="4" name="Test" time="15.927" errors="0" timestamp="2023-04-18T00:56:25 IST">
  <testcase classname="com.obsquara.testscripts.HomePageTest" name="verifyPushUpMenuButton" time="1.338"/>
  <testcase classname="com.obsquara.testscripts.LoginPageDemoTest" name="verifyApplicationLoginSuccess" time="0.583"/>
  <testcase classname="com.obsquara.testscripts.ExpenseCategoryTest" name="verifyToAddNewTitle" time="1.813"/>
  <testcase classname="com.obsquara.testscripts.LoginPageDemoTest" name="verifyApplicationLoginFailure" time="0.458"/>
  <testcase classname="com.obsquara.testscripts.LoginPageDemoTest" name="verifytheSignInButton" time="0.0">
    <ignored/>
  </testcase> <!-- verifytheSignInButton -->
  <testcase classname="com.obsquara.testscripts.HomePageTest" name="verifySuccessfullyLogout" time="0.0">
    <ignored/>
  </testcase> <!-- verifySuccessfullyLogout -->
  <testcase classname="com.obsquara.testscripts.HomePageTest" name="verifySelectFromDashBoard" time="0.0">
    <ignored/>
  </testcase> <!-- verifySelectFromDashBoard -->
</testsuite> <!-- Test -->
