<?xml version="1.0" encoding="UTF-8"?>
<!-- Generated by org.testng.reporters.JUnitXMLReporter -->
<testsuite ignored="0" hostname="DESKTOP-5874SPL" failures="0" tests="7" name="Test" time="22.105" errors="0" timestamp="2023-04-17T08:01:05 IST">
  <testcase classname="com.obsquara.testscripts.LoginPageDemoTest" name="verifyApplicationLoginSuccess" time="1.101"/>
  <testcase classname="com.obsquara.testscripts.LoginPageDemoTest" name="verifytheSignInButton" time="0.117"/>
  <testcase classname="com.obsquara.testscripts.LoginPageDemoTest" name="verifyApplicationLoginFailure" time="0.369"/>
  <testcase classname="com.obsquara.testscripts.HomePageTest" name="verifyPushUpMenuButton" time="0.63"/>
  <testcase classname="com.obsquara.testscripts.HomePageTest" name="verifySelectFromDashBoard" time="5.935"/>
  <testcase classname="com.obsquara.testscripts.HomePageTest" name="verifySuccessfullyLogout" time="0.826"/>
  <testcase classname="com.obsquara.testscripts.ExpenseCategoryTest" name="verifyToAddNewTitle" time="1.275"/>
</testsuite> <!-- Test -->
