<?xml version="1.0" encoding="UTF-8"?>
<!-- Generated by org.testng.reporters.JUnitXMLReporter -->
<testsuite ignored="0" hostname="DESKTOP-5874SPL" failures="0" tests="28" name="Test" time="140.245" errors="0" timestamp="2023-04-26T00:00:20 IST">
  <testcase classname="com.obsquara.testscripts.LoginPageDemoTest" name="verifyApplicationLoginSuccess" time="1.123"/>
  <testcase classname="com.obsquara.testscripts.LoginPageDemoTest" name="verifyLoginCredentialsCaseSensitive" time="0.581"/>
  <testcase classname="com.obsquara.testscripts.LoginPageDemoTest" name="verifyLoginPasswordCaseSensitive" time="0.414"/>
  <testcase classname="com.obsquara.testscripts.LoginPageDemoTest" name="verifytheSignInButton" time="0.093"/>
  <testcase classname="com.obsquara.testscripts.LoginPageDemoTest" name="verifyApplicationLoginFailure" time="0.436"/>
  <testcase classname="com.obsquara.testscripts.HomePageTest" name="verifyPushUpMenuButton" time="0.662"/>
  <testcase classname="com.obsquara.testscripts.HomePageTest" name="verifySelectFromDashBoard" time="1.137"/>
  <testcase classname="com.obsquara.testscripts.HomePageTest" name="verifySuccessfullyLogout" time="0.787"/>
  <testcase classname="com.obsquara.testscripts.ExpenseCategoryTest" name="verifyToAddNewExpenseCategory" time="1.514"/>
  <testcase classname="com.obsquara.testscripts.ExpenseCategoryTest" name="verifySearchExpenseCategory" time="1.333"/>
  <testcase classname="com.obsquara.testscripts.ExpenseCategoryTest" name="verifyDeleteExpenseCategory" time="1.621"/>
  <testcase classname="com.obsquara.testscripts.ExpenseCategoryTest" name="verifyEditExpenseCategory" time="3.03"/>
  <testcase classname="com.obsquara.testscripts.PushNotificationTest" name="verifyPushNotificationPage" time="1.075"/>
  <testcase classname="com.obsquara.testscripts.PushNotificationTest" name="verifyTitleDescriptionField" time="1.918"/>
  <testcase classname="com.obsquara.testscripts.ManageUserTest" name="verifySearchButtonColor" time="0.958"/>
  <testcase classname="com.obsquara.testscripts.ManageUserTest" name="verifySearchUserandPasswrdShownInDetail" time="1.286"/>
  <testcase classname="com.obsquara.testscripts.ManageSliderTest" name="verifyAddingNewLinkinSlider" time="1.682"/>
  <testcase classname="com.obsquara.testscripts.ManageSliderTest" name="verifyDeleteLinkinSlider" time="1.33"/>
  <testcase classname="com.obsquara.testscripts.ManageSliderTest" name="verifyEditLinkinSlider" time="1.617"/>
  <testcase classname="com.obsquara.testscripts.ManageDeliveryBoyTest" name="verifyToAddNewDeliveryBoy" time="7.636"/>
  <testcase classname="com.obsquara.testscripts.ManageDeliveryBoyTest" name="verifySearchDeliveryBoy" time="1.412"/>
  <testcase classname="com.obsquara.testscripts.ManageDeliveryBoyTest" name="verifyDeleteDeliveryBoy" time="7.172"/>
  <testcase classname="com.obsquara.testscripts.ManageDeliveryBoyTest" name="verifyEditDeliveryBoy" time="29.273"/>
  <testcase classname="com.obsquara.testscripts.ManageDeliveryBoyTest" name="verifyResetButton" time="1.254"/>
  <testcase classname="com.obsquara.testscripts.AdminUserTest" name="verifyDeleteAdminUser" time="7.874"/>
  <testcase classname="com.obsquara.testscripts.AdminUserTest" name="verifyNewAdminUser" time="2.168"/>
  <testcase classname="com.obsquara.testscripts.SettingTest" name="verifyMenuManagement" time="8.223"/>
  <testcase classname="com.obsquara.testscripts.SettingTest" name="verifyToChangePassword" time="2.117"/>
</testsuite> <!-- Test -->
