<?xml version="1.0" encoding="UTF-8"?>
<testng-results ignored="0" total="26" passed="26" failed="0" skipped="0">
  <reporter-output>
  </reporter-output>
  <suite started-at="2023-04-25T14:08:08 IST" name="Suite" finished-at="2023-04-25T14:10:18 IST" duration-ms="130252">
    <groups>
    </groups>
    <test started-at="2023-04-25T14:08:08 IST" name="Test" finished-at="2023-04-25T14:10:18 IST" duration-ms="130252">
      <class name="com.obsquara.testscripts.ExpenseCategoryTest">
        <test-method is-config="true" signature="initilizeBrowser(java.lang.String)[pri:0, instance:com.obsquara.testscripts.ExpenseCategoryTest@7d322cad]" started-at="2023-04-25T14:08:28 IST" name="initilizeBrowser" finished-at="2023-04-25T14:08:30 IST" duration-ms="1469" status="PASS">
          <params>
            <param index="0">
              <value>
                <![CDATA[chrome]]>
              </value>
            </param>
          </params>
          <reporter-output>
          </reporter-output>
        </test-method> <!-- initilizeBrowser -->
        <test-method signature="verifyToAddNewExpenseCategory()[pri:1, instance:com.obsquara.testscripts.ExpenseCategoryTest@7d322cad]" started-at="2023-04-25T14:08:30 IST" name="verifyToAddNewExpenseCategory" finished-at="2023-04-25T14:08:31 IST" duration-ms="1514" status="PASS">
          <reporter-output>
          </reporter-output>
        </test-method> <!-- verifyToAddNewExpenseCategory -->
        <test-method is-config="true" signature="browserQuit(org.testng.ITestResult)[pri:0, instance:com.obsquara.testscripts.ExpenseCategoryTest@7d322cad]" started-at="2023-04-25T14:08:31 IST" name="browserQuit" finished-at="2023-04-25T14:08:32 IST" duration-ms="269" status="PASS">
          <params>
            <param index="0">
              <value>
                <![CDATA[[TestResult name=verifyToAddNewExpenseCategory status=SUCCESS method=ExpenseCategoryTest.verifyToAddNewExpenseCategory()[pri:1, instance:com.obsquara.testscripts.ExpenseCategoryTest@7d322cad] output={null}]]]>
              </value>
            </param>
          </params>
          <reporter-output>
          </reporter-output>
        </test-method> <!-- browserQuit -->
        <test-method is-config="true" signature="initilizeBrowser(java.lang.String)[pri:0, instance:com.obsquara.testscripts.ExpenseCategoryTest@7d322cad]" started-at="2023-04-25T14:08:32 IST" name="initilizeBrowser" finished-at="2023-04-25T14:08:33 IST" duration-ms="1515" status="PASS">
          <params>
            <param index="0">
              <value>
                <![CDATA[chrome]]>
              </value>
            </param>
          </params>
          <reporter-output>
          </reporter-output>
        </test-method> <!-- initilizeBrowser -->
        <test-method signature="verifySearchExpenseCategory()[pri:2, instance:com.obsquara.testscripts.ExpenseCategoryTest@7d322cad]" started-at="2023-04-25T14:08:33 IST" name="verifySearchExpenseCategory" finished-at="2023-04-25T14:08:35 IST" duration-ms="1297" status="PASS">
          <reporter-output>
          </reporter-output>
        </test-method> <!-- verifySearchExpenseCategory -->
        <test-method is-config="true" signature="browserQuit(org.testng.ITestResult)[pri:0, instance:com.obsquara.testscripts.ExpenseCategoryTest@7d322cad]" started-at="2023-04-25T14:08:35 IST" name="browserQuit" finished-at="2023-04-25T14:08:35 IST" duration-ms="284" status="PASS">
          <params>
            <param index="0">
              <value>
                <![CDATA[[TestResult name=verifySearchExpenseCategory status=SUCCESS method=ExpenseCategoryTest.verifySearchExpenseCategory()[pri:2, instance:com.obsquara.testscripts.ExpenseCategoryTest@7d322cad] output={null}]]]>
              </value>
            </param>
          </params>
          <reporter-output>
          </reporter-output>
        </test-method> <!-- browserQuit -->
        <test-method is-config="true" signature="initilizeBrowser(java.lang.String)[pri:0, instance:com.obsquara.testscripts.ExpenseCategoryTest@7d322cad]" started-at="2023-04-25T14:08:35 IST" name="initilizeBrowser" finished-at="2023-04-25T14:08:36 IST" duration-ms="1548" status="PASS">
          <params>
            <param index="0">
              <value>
                <![CDATA[chrome]]>
              </value>
            </param>
          </params>
          <reporter-output>
          </reporter-output>
        </test-method> <!-- initilizeBrowser -->
        <test-method signature="verifyDeleteExpenseCategory()[pri:3, instance:com.obsquara.testscripts.ExpenseCategoryTest@7d322cad]" started-at="2023-04-25T14:08:36 IST" name="verifyDeleteExpenseCategory" finished-at="2023-04-25T14:08:38 IST" duration-ms="1518" status="PASS">
          <reporter-output>
          </reporter-output>
        </test-method> <!-- verifyDeleteExpenseCategory -->
        <test-method is-config="true" signature="browserQuit(org.testng.ITestResult)[pri:0, instance:com.obsquara.testscripts.ExpenseCategoryTest@7d322cad]" started-at="2023-04-25T14:08:38 IST" name="browserQuit" finished-at="2023-04-25T14:08:38 IST" duration-ms="315" status="PASS">
          <params>
            <param index="0">
              <value>
                <![CDATA[[TestResult name=verifyDeleteExpenseCategory status=SUCCESS method=ExpenseCategoryTest.verifyDeleteExpenseCategory()[pri:3, instance:com.obsquara.testscripts.ExpenseCategoryTest@7d322cad] output={null}]]]>
              </value>
            </param>
          </params>
          <reporter-output>
          </reporter-output>
        </test-method> <!-- browserQuit -->
        <test-method is-config="true" signature="initilizeBrowser(java.lang.String)[pri:0, instance:com.obsquara.testscripts.ExpenseCategoryTest@7d322cad]" started-at="2023-04-25T14:08:38 IST" name="initilizeBrowser" finished-at="2023-04-25T14:08:40 IST" duration-ms="1612" status="PASS">
          <params>
            <param index="0">
              <value>
                <![CDATA[chrome]]>
              </value>
            </param>
          </params>
          <reporter-output>
          </reporter-output>
        </test-method> <!-- initilizeBrowser -->
        <test-method signature="verifyEditExpenseCategory()[pri:4, instance:com.obsquara.testscripts.ExpenseCategoryTest@7d322cad]" started-at="2023-04-25T14:08:40 IST" name="verifyEditExpenseCategory" finished-at="2023-04-25T14:08:43 IST" duration-ms="2993" status="PASS">
          <reporter-output>
          </reporter-output>
        </test-method> <!-- verifyEditExpenseCategory -->
        <test-method is-config="true" signature="browserQuit(org.testng.ITestResult)[pri:0, instance:com.obsquara.testscripts.ExpenseCategoryTest@7d322cad]" started-at="2023-04-25T14:08:43 IST" name="browserQuit" finished-at="2023-04-25T14:08:43 IST" duration-ms="292" status="PASS">
          <params>
            <param index="0">
              <value>
                <![CDATA[[TestResult name=verifyEditExpenseCategory status=SUCCESS method=ExpenseCategoryTest.verifyEditExpenseCategory()[pri:4, instance:com.obsquara.testscripts.ExpenseCategoryTest@7d322cad] output={null}]]]>
              </value>
            </param>
          </params>
          <reporter-output>
          </reporter-output>
        </test-method> <!-- browserQuit -->
      </class> <!-- com.obsquara.testscripts.ExpenseCategoryTest -->
      <class name="com.obsquara.testscripts.ManageSliderTest">
        <test-method is-config="true" signature="initilizeBrowser(java.lang.String)[pri:0, instance:com.obsquara.testscripts.ManageSliderTest@4470fbd6]" started-at="2023-04-25T14:10:08 IST" name="initilizeBrowser" finished-at="2023-04-25T14:10:09 IST" duration-ms="1489" status="PASS">
          <params>
            <param index="0">
              <value>
                <![CDATA[chrome]]>
              </value>
            </param>
          </params>
          <reporter-output>
          </reporter-output>
        </test-method> <!-- initilizeBrowser -->
        <test-method signature="verifyAddingNewLinkinSlider()[pri:0, instance:com.obsquara.testscripts.ManageSliderTest@4470fbd6]" started-at="2023-04-25T14:10:09 IST" name="verifyAddingNewLinkinSlider" finished-at="2023-04-25T14:10:11 IST" duration-ms="1694" status="PASS">
          <reporter-output>
          </reporter-output>
        </test-method> <!-- verifyAddingNewLinkinSlider -->
        <test-method is-config="true" signature="browserQuit(org.testng.ITestResult)[pri:0, instance:com.obsquara.testscripts.ManageSliderTest@4470fbd6]" started-at="2023-04-25T14:10:11 IST" name="browserQuit" finished-at="2023-04-25T14:10:11 IST" duration-ms="305" status="PASS">
          <params>
            <param index="0">
              <value>
                <![CDATA[[TestResult name=verifyAddingNewLinkinSlider status=SUCCESS method=ManageSliderTest.verifyAddingNewLinkinSlider()[pri:0, instance:com.obsquara.testscripts.ManageSliderTest@4470fbd6] output={null}]]]>
              </value>
            </param>
          </params>
          <reporter-output>
          </reporter-output>
        </test-method> <!-- browserQuit -->
        <test-method is-config="true" signature="initilizeBrowser(java.lang.String)[pri:0, instance:com.obsquara.testscripts.ManageSliderTest@4470fbd6]" started-at="2023-04-25T14:10:11 IST" name="initilizeBrowser" finished-at="2023-04-25T14:10:12 IST" duration-ms="1461" status="PASS">
          <params>
            <param index="0">
              <value>
                <![CDATA[chrome]]>
              </value>
            </param>
          </params>
          <reporter-output>
          </reporter-output>
        </test-method> <!-- initilizeBrowser -->
        <test-method signature="verifyDeleteLinkinSlider()[pri:0, instance:com.obsquara.testscripts.ManageSliderTest@4470fbd6]" started-at="2023-04-25T14:10:12 IST" name="verifyDeleteLinkinSlider" finished-at="2023-04-25T14:10:14 IST" duration-ms="1271" status="PASS">
          <reporter-output>
          </reporter-output>
        </test-method> <!-- verifyDeleteLinkinSlider -->
        <test-method is-config="true" signature="browserQuit(org.testng.ITestResult)[pri:0, instance:com.obsquara.testscripts.ManageSliderTest@4470fbd6]" started-at="2023-04-25T14:10:14 IST" name="browserQuit" finished-at="2023-04-25T14:10:14 IST" duration-ms="301" status="PASS">
          <params>
            <param index="0">
              <value>
                <![CDATA[[TestResult name=verifyDeleteLinkinSlider status=SUCCESS method=ManageSliderTest.verifyDeleteLinkinSlider()[pri:0, instance:com.obsquara.testscripts.ManageSliderTest@4470fbd6] output={null}]]]>
              </value>
            </param>
          </params>
          <reporter-output>
          </reporter-output>
        </test-method> <!-- browserQuit -->
        <test-method is-config="true" signature="initilizeBrowser(java.lang.String)[pri:0, instance:com.obsquara.testscripts.ManageSliderTest@4470fbd6]" started-at="2023-04-25T14:10:14 IST" name="initilizeBrowser" finished-at="2023-04-25T14:10:16 IST" duration-ms="2015" status="PASS">
          <params>
            <param index="0">
              <value>
                <![CDATA[chrome]]>
              </value>
            </param>
          </params>
          <reporter-output>
          </reporter-output>
        </test-method> <!-- initilizeBrowser -->
        <test-method signature="verifyEditLinkinSlider()[pri:0, instance:com.obsquara.testscripts.ManageSliderTest@4470fbd6]" started-at="2023-04-25T14:10:16 IST" name="verifyEditLinkinSlider" finished-at="2023-04-25T14:10:18 IST" duration-ms="1669" status="PASS">
          <reporter-output>
          </reporter-output>
        </test-method> <!-- verifyEditLinkinSlider -->
        <test-method is-config="true" signature="browserQuit(org.testng.ITestResult)[pri:0, instance:com.obsquara.testscripts.ManageSliderTest@4470fbd6]" started-at="2023-04-25T14:10:18 IST" name="browserQuit" finished-at="2023-04-25T14:10:18 IST" duration-ms="288" status="PASS">
          <params>
            <param index="0">
              <value>
                <![CDATA[[TestResult name=verifyEditLinkinSlider status=SUCCESS method=ManageSliderTest.verifyEditLinkinSlider()[pri:0, instance:com.obsquara.testscripts.ManageSliderTest@4470fbd6] output={null}]]]>
              </value>
            </param>
          </params>
          <reporter-output>
          </reporter-output>
        </test-method> <!-- browserQuit -->
      </class> <!-- com.obsquara.testscripts.ManageSliderTest -->
      <class name="com.obsquara.testscripts.PushNotificationTest">
        <test-method is-config="true" signature="initilizeBrowser(java.lang.String)[pri:0, instance:com.obsquara.testscripts.PushNotificationTest@4f49f6af]" started-at="2023-04-25T14:09:39 IST" name="initilizeBrowser" finished-at="2023-04-25T14:09:41 IST" duration-ms="1638" status="PASS">
          <params>
            <param index="0">
              <value>
                <![CDATA[chrome]]>
              </value>
            </param>
          </params>
          <reporter-output>
          </reporter-output>
        </test-method> <!-- initilizeBrowser -->
        <test-method signature="verifyPushNotificationPage()[pri:0, instance:com.obsquara.testscripts.PushNotificationTest@4f49f6af]" started-at="2023-04-25T14:09:41 IST" name="verifyPushNotificationPage" finished-at="2023-04-25T14:09:42 IST" duration-ms="1071" status="PASS">
          <reporter-output>
          </reporter-output>
        </test-method> <!-- verifyPushNotificationPage -->
        <test-method is-config="true" signature="browserQuit(org.testng.ITestResult)[pri:0, instance:com.obsquara.testscripts.PushNotificationTest@4f49f6af]" started-at="2023-04-25T14:09:42 IST" name="browserQuit" finished-at="2023-04-25T14:09:42 IST" duration-ms="253" status="PASS">
          <params>
            <param index="0">
              <value>
                <![CDATA[[TestResult name=verifyPushNotificationPage status=SUCCESS method=PushNotificationTest.verifyPushNotificationPage()[pri:0, instance:com.obsquara.testscripts.PushNotificationTest@4f49f6af] output={null}]]]>
              </value>
            </param>
          </params>
          <reporter-output>
          </reporter-output>
        </test-method> <!-- browserQuit -->
        <test-method is-config="true" signature="initilizeBrowser(java.lang.String)[pri:0, instance:com.obsquara.testscripts.PushNotificationTest@4f49f6af]" started-at="2023-04-25T14:09:42 IST" name="initilizeBrowser" finished-at="2023-04-25T14:09:44 IST" duration-ms="1563" status="PASS">
          <params>
            <param index="0">
              <value>
                <![CDATA[chrome]]>
              </value>
            </param>
          </params>
          <reporter-output>
          </reporter-output>
        </test-method> <!-- initilizeBrowser -->
        <test-method signature="verifyTitleDescriptionField()[pri:0, instance:com.obsquara.testscripts.PushNotificationTest@4f49f6af]" started-at="2023-04-25T14:09:44 IST" name="verifyTitleDescriptionField" finished-at="2023-04-25T14:09:46 IST" duration-ms="2068" status="PASS">
          <reporter-output>
          </reporter-output>
        </test-method> <!-- verifyTitleDescriptionField -->
        <test-method is-config="true" signature="browserQuit(org.testng.ITestResult)[pri:0, instance:com.obsquara.testscripts.PushNotificationTest@4f49f6af]" started-at="2023-04-25T14:09:46 IST" name="browserQuit" finished-at="2023-04-25T14:09:46 IST" duration-ms="253" status="PASS">
          <params>
            <param index="0">
              <value>
                <![CDATA[[TestResult name=verifyTitleDescriptionField status=SUCCESS method=PushNotificationTest.verifyTitleDescriptionField()[pri:0, instance:com.obsquara.testscripts.PushNotificationTest@4f49f6af] output={null}]]]>
              </value>
            </param>
          </params>
          <reporter-output>
          </reporter-output>
        </test-method> <!-- browserQuit -->
      </class> <!-- com.obsquara.testscripts.PushNotificationTest -->
      <class name="com.obsquara.testscripts.HomePageTest">
        <test-method is-config="true" signature="initilizeBrowser(java.lang.String)[pri:0, instance:com.obsquara.testscripts.HomePageTest@642a7222]" started-at="2023-04-25T14:08:20 IST" name="initilizeBrowser" finished-at="2023-04-25T14:08:22 IST" duration-ms="1499" status="PASS">
          <params>
            <param index="0">
              <value>
                <![CDATA[chrome]]>
              </value>
            </param>
          </params>
          <reporter-output>
          </reporter-output>
        </test-method> <!-- initilizeBrowser -->
        <test-method signature="verifyPushUpMenuButton()[pri:0, instance:com.obsquara.testscripts.HomePageTest@642a7222]" started-at="2023-04-25T14:08:22 IST" name="verifyPushUpMenuButton" finished-at="2023-04-25T14:08:23 IST" duration-ms="737" status="PASS">
          <reporter-output>
          </reporter-output>
        </test-method> <!-- verifyPushUpMenuButton -->
        <test-method is-config="true" signature="browserQuit(org.testng.ITestResult)[pri:0, instance:com.obsquara.testscripts.HomePageTest@642a7222]" started-at="2023-04-25T14:08:23 IST" name="browserQuit" finished-at="2023-04-25T14:08:23 IST" duration-ms="274" status="PASS">
          <params>
            <param index="0">
              <value>
                <![CDATA[[TestResult name=verifyPushUpMenuButton status=SUCCESS method=HomePageTest.verifyPushUpMenuButton()[pri:0, instance:com.obsquara.testscripts.HomePageTest@642a7222] output={null}]]]>
              </value>
            </param>
          </params>
          <reporter-output>
          </reporter-output>
        </test-method> <!-- browserQuit -->
        <test-method is-config="true" signature="initilizeBrowser(java.lang.String)[pri:0, instance:com.obsquara.testscripts.HomePageTest@642a7222]" started-at="2023-04-25T14:08:23 IST" name="initilizeBrowser" finished-at="2023-04-25T14:08:24 IST" duration-ms="1464" status="PASS">
          <params>
            <param index="0">
              <value>
                <![CDATA[chrome]]>
              </value>
            </param>
          </params>
          <reporter-output>
          </reporter-output>
        </test-method> <!-- initilizeBrowser -->
        <test-method signature="verifySelectFromDashBoard()[pri:0, instance:com.obsquara.testscripts.HomePageTest@642a7222]" started-at="2023-04-25T14:08:24 IST" name="verifySelectFromDashBoard" finished-at="2023-04-25T14:08:26 IST" duration-ms="1210" status="PASS">
          <reporter-output>
          </reporter-output>
        </test-method> <!-- verifySelectFromDashBoard -->
        <test-method is-config="true" signature="browserQuit(org.testng.ITestResult)[pri:0, instance:com.obsquara.testscripts.HomePageTest@642a7222]" started-at="2023-04-25T14:08:26 IST" name="browserQuit" finished-at="2023-04-25T14:08:26 IST" duration-ms="299" status="PASS">
          <params>
            <param index="0">
              <value>
                <![CDATA[[TestResult name=verifySelectFromDashBoard status=SUCCESS method=HomePageTest.verifySelectFromDashBoard()[pri:0, instance:com.obsquara.testscripts.HomePageTest@642a7222] output={null}]]]>
              </value>
            </param>
          </params>
          <reporter-output>
          </reporter-output>
        </test-method> <!-- browserQuit -->
        <test-method is-config="true" signature="initilizeBrowser(java.lang.String)[pri:0, instance:com.obsquara.testscripts.HomePageTest@642a7222]" started-at="2023-04-25T14:08:26 IST" name="initilizeBrowser" finished-at="2023-04-25T14:08:27 IST" duration-ms="1459" status="PASS">
          <params>
            <param index="0">
              <value>
                <![CDATA[chrome]]>
              </value>
            </param>
          </params>
          <reporter-output>
          </reporter-output>
        </test-method> <!-- initilizeBrowser -->
        <test-method signature="verifySuccessfullyLogout()[pri:0, instance:com.obsquara.testscripts.HomePageTest@642a7222]" started-at="2023-04-25T14:08:27 IST" name="verifySuccessfullyLogout" finished-at="2023-04-25T14:08:28 IST" duration-ms="802" status="PASS">
          <reporter-output>
          </reporter-output>
        </test-method> <!-- verifySuccessfullyLogout -->
        <test-method is-config="true" signature="browserQuit(org.testng.ITestResult)[pri:0, instance:com.obsquara.testscripts.HomePageTest@642a7222]" started-at="2023-04-25T14:08:28 IST" name="browserQuit" finished-at="2023-04-25T14:08:28 IST" duration-ms="301" status="PASS">
          <params>
            <param index="0">
              <value>
                <![CDATA[[TestResult name=verifySuccessfullyLogout status=SUCCESS method=HomePageTest.verifySuccessfullyLogout()[pri:0, instance:com.obsquara.testscripts.HomePageTest@642a7222] output={null}]]]>
              </value>
            </param>
          </params>
          <reporter-output>
          </reporter-output>
        </test-method> <!-- browserQuit -->
      </class> <!-- com.obsquara.testscripts.HomePageTest -->
      <class name="com.obsquara.testscripts.ManageDeliveryBoyTest">
        <test-method is-config="true" signature="initilizeBrowser(java.lang.String)[pri:0, instance:com.obsquara.testscripts.ManageDeliveryBoyTest@21be3395]" started-at="2023-04-25T14:08:43 IST" name="initilizeBrowser" finished-at="2023-04-25T14:08:45 IST" duration-ms="1680" status="PASS">
          <params>
            <param index="0">
              <value>
                <![CDATA[chrome]]>
              </value>
            </param>
          </params>
          <reporter-output>
          </reporter-output>
        </test-method> <!-- initilizeBrowser -->
        <test-method signature="verifyToAddNewDeliveryBoy()[pri:1, instance:com.obsquara.testscripts.ManageDeliveryBoyTest@21be3395]" started-at="2023-04-25T14:08:45 IST" name="verifyToAddNewDeliveryBoy" finished-at="2023-04-25T14:08:52 IST" duration-ms="7523" status="PASS">
          <reporter-output>
          </reporter-output>
        </test-method> <!-- verifyToAddNewDeliveryBoy -->
        <test-method is-config="true" signature="browserQuit(org.testng.ITestResult)[pri:0, instance:com.obsquara.testscripts.ManageDeliveryBoyTest@21be3395]" started-at="2023-04-25T14:08:52 IST" name="browserQuit" finished-at="2023-04-25T14:08:53 IST" duration-ms="343" status="PASS">
          <params>
            <param index="0">
              <value>
                <![CDATA[[TestResult name=verifyToAddNewDeliveryBoy status=SUCCESS method=ManageDeliveryBoyTest.verifyToAddNewDeliveryBoy()[pri:1, instance:com.obsquara.testscripts.ManageDeliveryBoyTest@21be3395] output={null}]]]>
              </value>
            </param>
          </params>
          <reporter-output>
          </reporter-output>
        </test-method> <!-- browserQuit -->
        <test-method is-config="true" signature="initilizeBrowser(java.lang.String)[pri:0, instance:com.obsquara.testscripts.ManageDeliveryBoyTest@21be3395]" started-at="2023-04-25T14:08:53 IST" name="initilizeBrowser" finished-at="2023-04-25T14:08:54 IST" duration-ms="1450" status="PASS">
          <params>
            <param index="0">
              <value>
                <![CDATA[chrome]]>
              </value>
            </param>
          </params>
          <reporter-output>
          </reporter-output>
        </test-method> <!-- initilizeBrowser -->
        <test-method signature="verifySearchDeliveryBoy()[pri:2, instance:com.obsquara.testscripts.ManageDeliveryBoyTest@21be3395]" started-at="2023-04-25T14:08:54 IST" name="verifySearchDeliveryBoy" finished-at="2023-04-25T14:08:56 IST" duration-ms="1419" status="PASS">
          <reporter-output>
          </reporter-output>
        </test-method> <!-- verifySearchDeliveryBoy -->
        <test-method is-config="true" signature="browserQuit(org.testng.ITestResult)[pri:0, instance:com.obsquara.testscripts.ManageDeliveryBoyTest@21be3395]" started-at="2023-04-25T14:08:56 IST" name="browserQuit" finished-at="2023-04-25T14:08:56 IST" duration-ms="282" status="PASS">
          <params>
            <param index="0">
              <value>
                <![CDATA[[TestResult name=verifySearchDeliveryBoy status=SUCCESS method=ManageDeliveryBoyTest.verifySearchDeliveryBoy()[pri:2, instance:com.obsquara.testscripts.ManageDeliveryBoyTest@21be3395] output={null}]]]>
              </value>
            </param>
          </params>
          <reporter-output>
          </reporter-output>
        </test-method> <!-- browserQuit -->
        <test-method is-config="true" signature="initilizeBrowser(java.lang.String)[pri:0, instance:com.obsquara.testscripts.ManageDeliveryBoyTest@21be3395]" started-at="2023-04-25T14:08:56 IST" name="initilizeBrowser" finished-at="2023-04-25T14:08:57 IST" duration-ms="1488" status="PASS">
          <params>
            <param index="0">
              <value>
                <![CDATA[chrome]]>
              </value>
            </param>
          </params>
          <reporter-output>
          </reporter-output>
        </test-method> <!-- initilizeBrowser -->
        <test-method signature="verifyDeleteDeliveryBoy()[pri:3, instance:com.obsquara.testscripts.ManageDeliveryBoyTest@21be3395]" started-at="2023-04-25T14:08:57 IST" name="verifyDeleteDeliveryBoy" finished-at="2023-04-25T14:09:04 IST" duration-ms="7190" status="PASS">
          <reporter-output>
          </reporter-output>
        </test-method> <!-- verifyDeleteDeliveryBoy -->
        <test-method is-config="true" signature="browserQuit(org.testng.ITestResult)[pri:0, instance:com.obsquara.testscripts.ManageDeliveryBoyTest@21be3395]" started-at="2023-04-25T14:09:04 IST" name="browserQuit" finished-at="2023-04-25T14:09:05 IST" duration-ms="321" status="PASS">
          <params>
            <param index="0">
              <value>
                <![CDATA[[TestResult name=verifyDeleteDeliveryBoy status=SUCCESS method=ManageDeliveryBoyTest.verifyDeleteDeliveryBoy()[pri:3, instance:com.obsquara.testscripts.ManageDeliveryBoyTest@21be3395] output={null}]]]>
              </value>
            </param>
          </params>
          <reporter-output>
          </reporter-output>
        </test-method> <!-- browserQuit -->
        <test-method is-config="true" signature="initilizeBrowser(java.lang.String)[pri:0, instance:com.obsquara.testscripts.ManageDeliveryBoyTest@21be3395]" started-at="2023-04-25T14:09:05 IST" name="initilizeBrowser" finished-at="2023-04-25T14:09:06 IST" duration-ms="1519" status="PASS">
          <params>
            <param index="0">
              <value>
                <![CDATA[chrome]]>
              </value>
            </param>
          </params>
          <reporter-output>
          </reporter-output>
        </test-method> <!-- initilizeBrowser -->
        <test-method signature="verifyEditDeliveryBoy()[pri:4, instance:com.obsquara.testscripts.ManageDeliveryBoyTest@21be3395]" started-at="2023-04-25T14:09:06 IST" name="verifyEditDeliveryBoy" finished-at="2023-04-25T14:09:35 IST" duration-ms="29144" status="PASS">
          <reporter-output>
          </reporter-output>
        </test-method> <!-- verifyEditDeliveryBoy -->
        <test-method is-config="true" signature="browserQuit(org.testng.ITestResult)[pri:0, instance:com.obsquara.testscripts.ManageDeliveryBoyTest@21be3395]" started-at="2023-04-25T14:09:35 IST" name="browserQuit" finished-at="2023-04-25T14:09:36 IST" duration-ms="376" status="PASS">
          <params>
            <param index="0">
              <value>
                <![CDATA[[TestResult name=verifyEditDeliveryBoy status=SUCCESS method=ManageDeliveryBoyTest.verifyEditDeliveryBoy()[pri:4, instance:com.obsquara.testscripts.ManageDeliveryBoyTest@21be3395] output={null}]]]>
              </value>
            </param>
          </params>
          <reporter-output>
          </reporter-output>
        </test-method> <!-- browserQuit -->
        <test-method is-config="true" signature="initilizeBrowser(java.lang.String)[pri:0, instance:com.obsquara.testscripts.ManageDeliveryBoyTest@21be3395]" started-at="2023-04-25T14:09:36 IST" name="initilizeBrowser" finished-at="2023-04-25T14:09:37 IST" duration-ms="1664" status="PASS">
          <params>
            <param index="0">
              <value>
                <![CDATA[chrome]]>
              </value>
            </param>
          </params>
          <reporter-output>
          </reporter-output>
        </test-method> <!-- initilizeBrowser -->
        <test-method signature="verifyResetButton()[pri:5, instance:com.obsquara.testscripts.ManageDeliveryBoyTest@21be3395]" started-at="2023-04-25T14:09:37 IST" name="verifyResetButton" finished-at="2023-04-25T14:09:39 IST" duration-ms="1362" status="PASS">
          <reporter-output>
          </reporter-output>
        </test-method> <!-- verifyResetButton -->
        <test-method is-config="true" signature="browserQuit(org.testng.ITestResult)[pri:0, instance:com.obsquara.testscripts.ManageDeliveryBoyTest@21be3395]" started-at="2023-04-25T14:09:39 IST" name="browserQuit" finished-at="2023-04-25T14:09:39 IST" duration-ms="313" status="PASS">
          <params>
            <param index="0">
              <value>
                <![CDATA[[TestResult name=verifyResetButton status=SUCCESS method=ManageDeliveryBoyTest.verifyResetButton()[pri:5, instance:com.obsquara.testscripts.ManageDeliveryBoyTest@21be3395] output={null}]]]>
              </value>
            </param>
          </params>
          <reporter-output>
          </reporter-output>
        </test-method> <!-- browserQuit -->
      </class> <!-- com.obsquara.testscripts.ManageDeliveryBoyTest -->
      <class name="com.obsquara.testscripts.LoginPageDemoTest">
        <test-method is-config="true" signature="initilizeBrowser(java.lang.String)[pri:0, instance:com.obsquara.testscripts.LoginPageDemoTest@311bf055]" started-at="2023-04-25T14:08:08 IST" name="initilizeBrowser" finished-at="2023-04-25T14:08:10 IST" duration-ms="2458" status="PASS">
          <params>
            <param index="0">
              <value>
                <![CDATA[chrome]]>
              </value>
            </param>
          </params>
          <reporter-output>
          </reporter-output>
        </test-method> <!-- initilizeBrowser -->
        <test-method signature="verifyApplicationLoginSuccess(java.lang.String,java.lang.String)[pri:0, instance:com.obsquara.testscripts.LoginPageDemoTest@311bf055]" started-at="2023-04-25T14:08:10 IST" name="verifyApplicationLoginSuccess" finished-at="2023-04-25T14:08:11 IST" duration-ms="1131" status="PASS">
          <params>
            <param index="0">
              <value>
                <![CDATA[admin]]>
              </value>
            </param>
            <param index="1">
              <value>
                <![CDATA[admin]]>
              </value>
            </param>
          </params>
          <reporter-output>
          </reporter-output>
        </test-method> <!-- verifyApplicationLoginSuccess -->
        <test-method is-config="true" signature="browserQuit(org.testng.ITestResult)[pri:0, instance:com.obsquara.testscripts.LoginPageDemoTest@311bf055]" started-at="2023-04-25T14:08:11 IST" name="browserQuit" finished-at="2023-04-25T14:08:12 IST" duration-ms="299" status="PASS">
          <params>
            <param index="0">
              <value>
                <![CDATA[[TestResult name=verifyApplicationLoginSuccess status=SUCCESS method=LoginPageDemoTest.verifyApplicationLoginSuccess(java.lang.String,java.lang.String)[pri:0, instance:com.obsquara.testscripts.LoginPageDemoTest@311bf055] output={null}]]]>
              </value>
            </param>
          </params>
          <reporter-output>
          </reporter-output>
        </test-method> <!-- browserQuit -->
        <test-method is-config="true" signature="initilizeBrowser(java.lang.String)[pri:0, instance:com.obsquara.testscripts.LoginPageDemoTest@311bf055]" started-at="2023-04-25T14:08:12 IST" name="initilizeBrowser" finished-at="2023-04-25T14:08:13 IST" duration-ms="1456" status="PASS">
          <params>
            <param index="0">
              <value>
                <![CDATA[chrome]]>
              </value>
            </param>
          </params>
          <reporter-output>
          </reporter-output>
        </test-method> <!-- initilizeBrowser -->
        <test-method signature="verifyLoginCredentialsCaseSensitive(java.lang.String,java.lang.String)[pri:0, instance:com.obsquara.testscripts.LoginPageDemoTest@311bf055]" started-at="2023-04-25T14:08:13 IST" name="verifyLoginCredentialsCaseSensitive" finished-at="2023-04-25T14:08:14 IST" duration-ms="566" status="PASS">
          <params>
            <param index="0">
              <value>
                <![CDATA[admin]]>
              </value>
            </param>
            <param index="1">
              <value>
                <![CDATA[admin]]>
              </value>
            </param>
          </params>
          <reporter-output>
          </reporter-output>
        </test-method> <!-- verifyLoginCredentialsCaseSensitive -->
        <test-method is-config="true" signature="browserQuit(org.testng.ITestResult)[pri:0, instance:com.obsquara.testscripts.LoginPageDemoTest@311bf055]" started-at="2023-04-25T14:08:14 IST" name="browserQuit" finished-at="2023-04-25T14:08:14 IST" duration-ms="270" status="PASS">
          <params>
            <param index="0">
              <value>
                <![CDATA[[TestResult name=verifyLoginCredentialsCaseSensitive status=SUCCESS method=LoginPageDemoTest.verifyLoginCredentialsCaseSensitive(java.lang.String,java.lang.String)[pri:0, instance:com.obsquara.testscripts.LoginPageDemoTest@311bf055] output={null}]]]>
              </value>
            </param>
          </params>
          <reporter-output>
          </reporter-output>
        </test-method> <!-- browserQuit -->
        <test-method is-config="true" signature="initilizeBrowser(java.lang.String)[pri:0, instance:com.obsquara.testscripts.LoginPageDemoTest@311bf055]" started-at="2023-04-25T14:08:14 IST" name="initilizeBrowser" finished-at="2023-04-25T14:08:16 IST" duration-ms="1541" status="PASS">
          <params>
            <param index="0">
              <value>
                <![CDATA[chrome]]>
              </value>
            </param>
          </params>
          <reporter-output>
          </reporter-output>
        </test-method> <!-- initilizeBrowser -->
        <test-method signature="verifyLoginPasswordCaseSensitive(java.lang.String,java.lang.String)[pri:0, instance:com.obsquara.testscripts.LoginPageDemoTest@311bf055]" started-at="2023-04-25T14:08:16 IST" name="verifyLoginPasswordCaseSensitive" finished-at="2023-04-25T14:08:16 IST" duration-ms="435" status="PASS">
          <params>
            <param index="0">
              <value>
                <![CDATA[admin]]>
              </value>
            </param>
            <param index="1">
              <value>
                <![CDATA[admin]]>
              </value>
            </param>
          </params>
          <reporter-output>
          </reporter-output>
        </test-method> <!-- verifyLoginPasswordCaseSensitive -->
        <test-method is-config="true" signature="browserQuit(org.testng.ITestResult)[pri:0, instance:com.obsquara.testscripts.LoginPageDemoTest@311bf055]" started-at="2023-04-25T14:08:16 IST" name="browserQuit" finished-at="2023-04-25T14:08:16 IST" duration-ms="316" status="PASS">
          <params>
            <param index="0">
              <value>
                <![CDATA[[TestResult name=verifyLoginPasswordCaseSensitive status=SUCCESS method=LoginPageDemoTest.verifyLoginPasswordCaseSensitive(java.lang.String,java.lang.String)[pri:0, instance:com.obsquara.testscripts.LoginPageDemoTest@311bf055] output={null}]]]>
              </value>
            </param>
          </params>
          <reporter-output>
          </reporter-output>
        </test-method> <!-- browserQuit -->
        <test-method is-config="true" signature="initilizeBrowser(java.lang.String)[pri:0, instance:com.obsquara.testscripts.LoginPageDemoTest@311bf055]" started-at="2023-04-25T14:08:16 IST" name="initilizeBrowser" finished-at="2023-04-25T14:08:18 IST" duration-ms="1493" status="PASS">
          <params>
            <param index="0">
              <value>
                <![CDATA[chrome]]>
              </value>
            </param>
          </params>
          <reporter-output>
          </reporter-output>
        </test-method> <!-- initilizeBrowser -->
        <test-method signature="verifytheSignInButton(java.lang.String)[pri:0, instance:com.obsquara.testscripts.LoginPageDemoTest@311bf055]" started-at="2023-04-25T14:08:18 IST" name="verifytheSignInButton" finished-at="2023-04-25T14:08:18 IST" duration-ms="123" status="PASS">
          <params>
            <param index="0">
              <value>
                <![CDATA[Please fill out this field.]]>
              </value>
            </param>
          </params>
          <reporter-output>
          </reporter-output>
        </test-method> <!-- verifytheSignInButton -->
        <test-method is-config="true" signature="browserQuit(org.testng.ITestResult)[pri:0, instance:com.obsquara.testscripts.LoginPageDemoTest@311bf055]" started-at="2023-04-25T14:08:18 IST" name="browserQuit" finished-at="2023-04-25T14:08:18 IST" duration-ms="300" status="PASS">
          <params>
            <param index="0">
              <value>
                <![CDATA[[TestResult name=verifytheSignInButton status=SUCCESS method=LoginPageDemoTest.verifytheSignInButton(java.lang.String)[pri:0, instance:com.obsquara.testscripts.LoginPageDemoTest@311bf055] output={null}]]]>
              </value>
            </param>
          </params>
          <reporter-output>
          </reporter-output>
        </test-method> <!-- browserQuit -->
        <test-method is-config="true" signature="initilizeBrowser(java.lang.String)[pri:0, instance:com.obsquara.testscripts.LoginPageDemoTest@311bf055]" started-at="2023-04-25T14:08:18 IST" name="initilizeBrowser" finished-at="2023-04-25T14:08:20 IST" duration-ms="1496" status="PASS">
          <params>
            <param index="0">
              <value>
                <![CDATA[chrome]]>
              </value>
            </param>
          </params>
          <reporter-output>
          </reporter-output>
        </test-method> <!-- initilizeBrowser -->
        <test-method signature="verifyApplicationLoginFailure(java.lang.String,java.lang.String)[pri:1, instance:com.obsquara.testscripts.LoginPageDemoTest@311bf055]" started-at="2023-04-25T14:08:20 IST" name="verifyApplicationLoginFailure" data-provider="LoginProvider" finished-at="2023-04-25T14:08:20 IST" duration-ms="436" status="PASS">
          <params>
            <param index="0">
              <value>
                <![CDATA[Vyshna]]>
              </value>
            </param>
            <param index="1">
              <value>
                <![CDATA[V123]]>
              </value>
            </param>
          </params>
          <reporter-output>
          </reporter-output>
        </test-method> <!-- verifyApplicationLoginFailure -->
        <test-method is-config="true" signature="browserQuit(org.testng.ITestResult)[pri:0, instance:com.obsquara.testscripts.LoginPageDemoTest@311bf055]" started-at="2023-04-25T14:08:20 IST" name="browserQuit" finished-at="2023-04-25T14:08:20 IST" duration-ms="268" status="PASS">
          <params>
            <param index="0">
              <value>
                <![CDATA[[TestResult name=verifyApplicationLoginFailure status=SUCCESS method=LoginPageDemoTest.verifyApplicationLoginFailure(java.lang.String,java.lang.String)[pri:1, instance:com.obsquara.testscripts.LoginPageDemoTest@311bf055] output={null}]]]>
              </value>
            </param>
          </params>
          <reporter-output>
          </reporter-output>
        </test-method> <!-- browserQuit -->
      </class> <!-- com.obsquara.testscripts.LoginPageDemoTest -->
      <class name="com.obsquara.testscripts.SettingTest">
        <test-method is-config="true" signature="initilizeBrowser(java.lang.String)[pri:0, instance:com.obsquara.testscripts.SettingTest@78452606]" started-at="2023-04-25T14:09:46 IST" name="initilizeBrowser" finished-at="2023-04-25T14:09:48 IST" duration-ms="1704" status="PASS">
          <params>
            <param index="0">
              <value>
                <![CDATA[chrome]]>
              </value>
            </param>
          </params>
          <reporter-output>
          </reporter-output>
        </test-method> <!-- initilizeBrowser -->
        <test-method signature="verifyToChangePassword()[pri:0, instance:com.obsquara.testscripts.SettingTest@78452606]" started-at="2023-04-25T14:09:48 IST" name="verifyToChangePassword" finished-at="2023-04-25T14:09:50 IST" duration-ms="2293" status="PASS">
          <reporter-output>
          </reporter-output>
        </test-method> <!-- verifyToChangePassword -->
        <test-method is-config="true" signature="browserQuit(org.testng.ITestResult)[pri:0, instance:com.obsquara.testscripts.SettingTest@78452606]" started-at="2023-04-25T14:09:50 IST" name="browserQuit" finished-at="2023-04-25T14:09:50 IST" duration-ms="305" status="PASS">
          <params>
            <param index="0">
              <value>
                <![CDATA[[TestResult name=verifyToChangePassword status=SUCCESS method=SettingTest.verifyToChangePassword()[pri:0, instance:com.obsquara.testscripts.SettingTest@78452606] output={null}]]]>
              </value>
            </param>
          </params>
          <reporter-output>
          </reporter-output>
        </test-method> <!-- browserQuit -->
      </class> <!-- com.obsquara.testscripts.SettingTest -->
      <class name="com.obsquara.testscripts.AdminUserTest">
        <test-method is-config="true" signature="initilizeBrowser(java.lang.String)[pri:0, instance:com.obsquara.testscripts.AdminUserTest@147e2ae7]" started-at="2023-04-25T14:09:50 IST" name="initilizeBrowser" finished-at="2023-04-25T14:09:52 IST" duration-ms="1598" status="PASS">
          <params>
            <param index="0">
              <value>
                <![CDATA[chrome]]>
              </value>
            </param>
          </params>
          <reporter-output>
          </reporter-output>
        </test-method> <!-- initilizeBrowser -->
        <test-method signature="verifyDeleteAdminUser()[pri:0, instance:com.obsquara.testscripts.AdminUserTest@147e2ae7]" started-at="2023-04-25T14:09:52 IST" name="verifyDeleteAdminUser" finished-at="2023-04-25T14:10:00 IST" duration-ms="7880" status="PASS">
          <reporter-output>
          </reporter-output>
        </test-method> <!-- verifyDeleteAdminUser -->
        <test-method is-config="true" signature="browserQuit(org.testng.ITestResult)[pri:0, instance:com.obsquara.testscripts.AdminUserTest@147e2ae7]" started-at="2023-04-25T14:10:00 IST" name="browserQuit" finished-at="2023-04-25T14:10:00 IST" duration-ms="305" status="PASS">
          <params>
            <param index="0">
              <value>
                <![CDATA[[TestResult name=verifyDeleteAdminUser status=SUCCESS method=AdminUserTest.verifyDeleteAdminUser()[pri:0, instance:com.obsquara.testscripts.AdminUserTest@147e2ae7] output={null}]]]>
              </value>
            </param>
          </params>
          <reporter-output>
          </reporter-output>
        </test-method> <!-- browserQuit -->
        <test-method is-config="true" signature="initilizeBrowser(java.lang.String)[pri:0, instance:com.obsquara.testscripts.AdminUserTest@147e2ae7]" started-at="2023-04-25T14:10:00 IST" name="initilizeBrowser" finished-at="2023-04-25T14:10:02 IST" duration-ms="1464" status="PASS">
          <params>
            <param index="0">
              <value>
                <![CDATA[chrome]]>
              </value>
            </param>
          </params>
          <reporter-output>
          </reporter-output>
        </test-method> <!-- initilizeBrowser -->
        <test-method signature="verifyNewAdminUser(java.lang.String,java.lang.String)[pri:0, instance:com.obsquara.testscripts.AdminUserTest@147e2ae7]" started-at="2023-04-25T14:10:02 IST" name="verifyNewAdminUser" data-provider="LoginProvider" finished-at="2023-04-25T14:10:04 IST" duration-ms="2551" status="PASS">
          <params>
            <param index="0">
              <value>
                <![CDATA[Vyshna]]>
              </value>
            </param>
            <param index="1">
              <value>
                <![CDATA[V123]]>
              </value>
            </param>
          </params>
          <reporter-output>
          </reporter-output>
        </test-method> <!-- verifyNewAdminUser -->
        <test-method is-config="true" signature="browserQuit(org.testng.ITestResult)[pri:0, instance:com.obsquara.testscripts.AdminUserTest@147e2ae7]" started-at="2023-04-25T14:10:04 IST" name="browserQuit" finished-at="2023-04-25T14:10:04 IST" duration-ms="306" status="PASS">
          <params>
            <param index="0">
              <value>
                <![CDATA[[TestResult name=verifyNewAdminUser status=SUCCESS method=AdminUserTest.verifyNewAdminUser(java.lang.String,java.lang.String)[pri:0, instance:com.obsquara.testscripts.AdminUserTest@147e2ae7] output={null}]]]>
              </value>
            </param>
          </params>
          <reporter-output>
          </reporter-output>
        </test-method> <!-- browserQuit -->
      </class> <!-- com.obsquara.testscripts.AdminUserTest -->
      <class name="com.obsquara.testscripts.ManageUserTest">
        <test-method is-config="true" signature="initilizeBrowser(java.lang.String)[pri:0, instance:com.obsquara.testscripts.ManageUserTest@448c8166]" started-at="2023-04-25T14:10:04 IST" name="initilizeBrowser" finished-at="2023-04-25T14:10:06 IST" duration-ms="1548" status="PASS">
          <params>
            <param index="0">
              <value>
                <![CDATA[chrome]]>
              </value>
            </param>
          </params>
          <reporter-output>
          </reporter-output>
        </test-method> <!-- initilizeBrowser -->
        <test-method signature="verifySearchUserandPasswrdShownInDetail()[pri:0, instance:com.obsquara.testscripts.ManageUserTest@448c8166]" started-at="2023-04-25T14:10:06 IST" name="verifySearchUserandPasswrdShownInDetail" finished-at="2023-04-25T14:10:07 IST" duration-ms="1304" status="PASS">
          <reporter-output>
          </reporter-output>
        </test-method> <!-- verifySearchUserandPasswrdShownInDetail -->
        <test-method is-config="true" signature="browserQuit(org.testng.ITestResult)[pri:0, instance:com.obsquara.testscripts.ManageUserTest@448c8166]" started-at="2023-04-25T14:10:07 IST" name="browserQuit" finished-at="2023-04-25T14:10:08 IST" duration-ms="283" status="PASS">
          <params>
            <param index="0">
              <value>
                <![CDATA[[TestResult name=verifySearchUserandPasswrdShownInDetail status=SUCCESS method=ManageUserTest.verifySearchUserandPasswrdShownInDetail()[pri:0, instance:com.obsquara.testscripts.ManageUserTest@448c8166] output={null}]]]>
              </value>
            </param>
          </params>
          <reporter-output>
          </reporter-output>
        </test-method> <!-- browserQuit -->
      </class> <!-- com.obsquara.testscripts.ManageUserTest -->
    </test> <!-- Test -->
  </suite> <!-- Suite -->
</testng-results>
