<?xml version="1.0" encoding="UTF-8"?>
<testng-results ignored="0" total="1" passed="1" failed="0" skipped="0">
  <reporter-output>
  </reporter-output>
  <suite started-at="2023-04-04T23:43:21 IST" name="Default suite" finished-at="2023-04-04T23:43:24 IST" duration-ms="3040">
    <groups>
    </groups>
    <test started-at="2023-04-04T23:43:21 IST" name="Default test" finished-at="2023-04-04T23:43:24 IST" duration-ms="3040">
      <class name="com.obsquara.testscripts.Base">
        <test-method is-config="true" signature="initilizeBrowser()[pri:0, instance:com.obsquara.testscripts.Base@28f2a10f]" started-at="2023-04-04T23:43:21 IST" name="initilizeBrowser" finished-at="2023-04-04T23:43:24 IST" duration-ms="2884" status="PASS">
          <reporter-output>
          </reporter-output>
        </test-method> <!-- initilizeBrowser -->
        <test-method signature="sample()[pri:0, instance:com.obsquara.testscripts.Base@28f2a10f]" started-at="2023-04-04T23:43:24 IST" name="sample" finished-at="2023-04-04T23:43:24 IST" duration-ms="5" status="PASS">
          <reporter-output>
          </reporter-output>
        </test-method> <!-- sample -->
        <test-method is-config="true" signature="browserQuit()[pri:0, instance:com.obsquara.testscripts.Base@28f2a10f]" started-at="2023-04-04T23:43:24 IST" name="browserQuit" finished-at="2023-04-04T23:43:24 IST" duration-ms="126" status="PASS">
          <reporter-output>
          </reporter-output>
        </test-method> <!-- browserQuit -->
      </class> <!-- com.obsquara.testscripts.Base -->
    </test> <!-- Default test -->
  </suite> <!-- Default suite -->
</testng-results>
