<?xml version="1.0" encoding="UTF-8"?>
<testng-results ignored="0" total="28" passed="28" failed="0" skipped="0">
  <reporter-output>
  </reporter-output>
  <suite started-at="2023-04-25T20:45:11 IST" name="Suite" finished-at="2023-04-25T20:49:02 IST" duration-ms="230874">
    <groups>
    </groups>
    <test started-at="2023-04-25T20:45:11 IST" name="Test" finished-at="2023-04-25T20:49:02 IST" duration-ms="230874">
      <class name="com.obsquara.testscripts.ExpenseCategoryTest">
        <test-method is-config="true" signature="initilizeBrowser(java.lang.String)[pri:0, instance:com.obsquara.testscripts.ExpenseCategoryTest@4ce7fffa]" started-at="2023-04-25T20:45:58 IST" name="initilizeBrowser" finished-at="2023-04-25T20:46:01 IST" duration-ms="2630" status="PASS">
          <params>
            <param index="0">
              <value>
                <![CDATA[chrome]]>
              </value>
            </param>
          </params>
          <reporter-output>
          </reporter-output>
        </test-method> <!-- initilizeBrowser -->
        <test-method signature="verifyToAddNewExpenseCategory()[pri:1, instance:com.obsquara.testscripts.ExpenseCategoryTest@4ce7fffa]" started-at="2023-04-25T20:46:01 IST" name="verifyToAddNewExpenseCategory" finished-at="2023-04-25T20:46:03 IST" duration-ms="2134" status="PASS">
          <reporter-output>
          </reporter-output>
        </test-method> <!-- verifyToAddNewExpenseCategory -->
        <test-method is-config="true" signature="browserQuit(org.testng.ITestResult)[pri:0, instance:com.obsquara.testscripts.ExpenseCategoryTest@4ce7fffa]" started-at="2023-04-25T20:46:03 IST" name="browserQuit" finished-at="2023-04-25T20:46:03 IST" duration-ms="346" status="PASS">
          <params>
            <param index="0">
              <value>
                <![CDATA[[TestResult name=verifyToAddNewExpenseCategory status=SUCCESS method=ExpenseCategoryTest.verifyToAddNewExpenseCategory()[pri:1, instance:com.obsquara.testscripts.ExpenseCategoryTest@4ce7fffa] output={null}]]]>
              </value>
            </param>
          </params>
          <reporter-output>
          </reporter-output>
        </test-method> <!-- browserQuit -->
        <test-method is-config="true" signature="initilizeBrowser(java.lang.String)[pri:0, instance:com.obsquara.testscripts.ExpenseCategoryTest@4ce7fffa]" started-at="2023-04-25T20:46:03 IST" name="initilizeBrowser" finished-at="2023-04-25T20:46:05 IST" duration-ms="1945" status="PASS">
          <params>
            <param index="0">
              <value>
                <![CDATA[chrome]]>
              </value>
            </param>
          </params>
          <reporter-output>
          </reporter-output>
        </test-method> <!-- initilizeBrowser -->
        <test-method signature="verifySearchExpenseCategory()[pri:2, instance:com.obsquara.testscripts.ExpenseCategoryTest@4ce7fffa]" started-at="2023-04-25T20:46:05 IST" name="verifySearchExpenseCategory" finished-at="2023-04-25T20:46:09 IST" duration-ms="4074" status="PASS">
          <reporter-output>
          </reporter-output>
        </test-method> <!-- verifySearchExpenseCategory -->
        <test-method is-config="true" signature="browserQuit(org.testng.ITestResult)[pri:0, instance:com.obsquara.testscripts.ExpenseCategoryTest@4ce7fffa]" started-at="2023-04-25T20:46:09 IST" name="browserQuit" finished-at="2023-04-25T20:46:10 IST" duration-ms="690" status="PASS">
          <params>
            <param index="0">
              <value>
                <![CDATA[[TestResult name=verifySearchExpenseCategory status=SUCCESS method=ExpenseCategoryTest.verifySearchExpenseCategory()[pri:2, instance:com.obsquara.testscripts.ExpenseCategoryTest@4ce7fffa] output={null}]]]>
              </value>
            </param>
          </params>
          <reporter-output>
          </reporter-output>
        </test-method> <!-- browserQuit -->
        <test-method is-config="true" signature="initilizeBrowser(java.lang.String)[pri:0, instance:com.obsquara.testscripts.ExpenseCategoryTest@4ce7fffa]" started-at="2023-04-25T20:46:10 IST" name="initilizeBrowser" finished-at="2023-04-25T20:46:12 IST" duration-ms="2015" status="PASS">
          <params>
            <param index="0">
              <value>
                <![CDATA[chrome]]>
              </value>
            </param>
          </params>
          <reporter-output>
          </reporter-output>
        </test-method> <!-- initilizeBrowser -->
        <test-method signature="verifyDeleteExpenseCategory()[pri:3, instance:com.obsquara.testscripts.ExpenseCategoryTest@4ce7fffa]" started-at="2023-04-25T20:46:12 IST" name="verifyDeleteExpenseCategory" finished-at="2023-04-25T20:46:16 IST" duration-ms="4034" status="PASS">
          <reporter-output>
          </reporter-output>
        </test-method> <!-- verifyDeleteExpenseCategory -->
        <test-method is-config="true" signature="browserQuit(org.testng.ITestResult)[pri:0, instance:com.obsquara.testscripts.ExpenseCategoryTest@4ce7fffa]" started-at="2023-04-25T20:46:16 IST" name="browserQuit" finished-at="2023-04-25T20:46:17 IST" duration-ms="689" status="PASS">
          <params>
            <param index="0">
              <value>
                <![CDATA[[TestResult name=verifyDeleteExpenseCategory status=SUCCESS method=ExpenseCategoryTest.verifyDeleteExpenseCategory()[pri:3, instance:com.obsquara.testscripts.ExpenseCategoryTest@4ce7fffa] output={null}]]]>
              </value>
            </param>
          </params>
          <reporter-output>
          </reporter-output>
        </test-method> <!-- browserQuit -->
        <test-method is-config="true" signature="initilizeBrowser(java.lang.String)[pri:0, instance:com.obsquara.testscripts.ExpenseCategoryTest@4ce7fffa]" started-at="2023-04-25T20:46:17 IST" name="initilizeBrowser" finished-at="2023-04-25T20:46:19 IST" duration-ms="2631" status="PASS">
          <params>
            <param index="0">
              <value>
                <![CDATA[chrome]]>
              </value>
            </param>
          </params>
          <reporter-output>
          </reporter-output>
        </test-method> <!-- initilizeBrowser -->
        <test-method signature="verifyEditExpenseCategory()[pri:4, instance:com.obsquara.testscripts.ExpenseCategoryTest@4ce7fffa]" started-at="2023-04-25T20:46:19 IST" name="verifyEditExpenseCategory" finished-at="2023-04-25T20:46:27 IST" duration-ms="7393" status="PASS">
          <reporter-output>
          </reporter-output>
        </test-method> <!-- verifyEditExpenseCategory -->
        <test-method is-config="true" signature="browserQuit(org.testng.ITestResult)[pri:0, instance:com.obsquara.testscripts.ExpenseCategoryTest@4ce7fffa]" started-at="2023-04-25T20:46:27 IST" name="browserQuit" finished-at="2023-04-25T20:46:27 IST" duration-ms="490" status="PASS">
          <params>
            <param index="0">
              <value>
                <![CDATA[[TestResult name=verifyEditExpenseCategory status=SUCCESS method=ExpenseCategoryTest.verifyEditExpenseCategory()[pri:4, instance:com.obsquara.testscripts.ExpenseCategoryTest@4ce7fffa] output={null}]]]>
              </value>
            </param>
          </params>
          <reporter-output>
          </reporter-output>
        </test-method> <!-- browserQuit -->
      </class> <!-- com.obsquara.testscripts.ExpenseCategoryTest -->
      <class name="com.obsquara.testscripts.ManageSliderTest">
        <test-method is-config="true" signature="initilizeBrowser(java.lang.String)[pri:0, instance:com.obsquara.testscripts.ManageSliderTest@75f95314]" started-at="2023-04-25T20:46:47 IST" name="initilizeBrowser" finished-at="2023-04-25T20:46:48 IST" duration-ms="1848" status="PASS">
          <params>
            <param index="0">
              <value>
                <![CDATA[chrome]]>
              </value>
            </param>
          </params>
          <reporter-output>
          </reporter-output>
        </test-method> <!-- initilizeBrowser -->
        <test-method signature="verifyAddingNewLinkinSlider()[pri:0, instance:com.obsquara.testscripts.ManageSliderTest@75f95314]" started-at="2023-04-25T20:46:48 IST" name="verifyAddingNewLinkinSlider" finished-at="2023-04-25T20:46:54 IST" duration-ms="5158" status="PASS">
          <reporter-output>
          </reporter-output>
        </test-method> <!-- verifyAddingNewLinkinSlider -->
        <test-method is-config="true" signature="browserQuit(org.testng.ITestResult)[pri:0, instance:com.obsquara.testscripts.ManageSliderTest@75f95314]" started-at="2023-04-25T20:46:54 IST" name="browserQuit" finished-at="2023-04-25T20:46:54 IST" duration-ms="400" status="PASS">
          <params>
            <param index="0">
              <value>
                <![CDATA[[TestResult name=verifyAddingNewLinkinSlider status=SUCCESS method=ManageSliderTest.verifyAddingNewLinkinSlider()[pri:0, instance:com.obsquara.testscripts.ManageSliderTest@75f95314] output={null}]]]>
              </value>
            </param>
          </params>
          <reporter-output>
          </reporter-output>
        </test-method> <!-- browserQuit -->
        <test-method is-config="true" signature="initilizeBrowser(java.lang.String)[pri:0, instance:com.obsquara.testscripts.ManageSliderTest@75f95314]" started-at="2023-04-25T20:46:54 IST" name="initilizeBrowser" finished-at="2023-04-25T20:46:56 IST" duration-ms="1580" status="PASS">
          <params>
            <param index="0">
              <value>
                <![CDATA[chrome]]>
              </value>
            </param>
          </params>
          <reporter-output>
          </reporter-output>
        </test-method> <!-- initilizeBrowser -->
        <test-method signature="verifyDeleteLinkinSlider()[pri:0, instance:com.obsquara.testscripts.ManageSliderTest@75f95314]" started-at="2023-04-25T20:46:56 IST" name="verifyDeleteLinkinSlider" finished-at="2023-04-25T20:46:58 IST" duration-ms="2084" status="PASS">
          <reporter-output>
          </reporter-output>
        </test-method> <!-- verifyDeleteLinkinSlider -->
        <test-method is-config="true" signature="browserQuit(org.testng.ITestResult)[pri:0, instance:com.obsquara.testscripts.ManageSliderTest@75f95314]" started-at="2023-04-25T20:46:58 IST" name="browserQuit" finished-at="2023-04-25T20:46:58 IST" duration-ms="701" status="PASS">
          <params>
            <param index="0">
              <value>
                <![CDATA[[TestResult name=verifyDeleteLinkinSlider status=SUCCESS method=ManageSliderTest.verifyDeleteLinkinSlider()[pri:0, instance:com.obsquara.testscripts.ManageSliderTest@75f95314] output={null}]]]>
              </value>
            </param>
          </params>
          <reporter-output>
          </reporter-output>
        </test-method> <!-- browserQuit -->
        <test-method is-config="true" signature="initilizeBrowser(java.lang.String)[pri:0, instance:com.obsquara.testscripts.ManageSliderTest@75f95314]" started-at="2023-04-25T20:46:58 IST" name="initilizeBrowser" finished-at="2023-04-25T20:47:01 IST" duration-ms="2673" status="PASS">
          <params>
            <param index="0">
              <value>
                <![CDATA[chrome]]>
              </value>
            </param>
          </params>
          <reporter-output>
          </reporter-output>
        </test-method> <!-- initilizeBrowser -->
        <test-method signature="verifyEditLinkinSlider()[pri:0, instance:com.obsquara.testscripts.ManageSliderTest@75f95314]" started-at="2023-04-25T20:47:01 IST" name="verifyEditLinkinSlider" finished-at="2023-04-25T20:47:06 IST" duration-ms="5154" status="PASS">
          <reporter-output>
          </reporter-output>
        </test-method> <!-- verifyEditLinkinSlider -->
        <test-method is-config="true" signature="browserQuit(org.testng.ITestResult)[pri:0, instance:com.obsquara.testscripts.ManageSliderTest@75f95314]" started-at="2023-04-25T20:47:06 IST" name="browserQuit" finished-at="2023-04-25T20:47:07 IST" duration-ms="723" status="PASS">
          <params>
            <param index="0">
              <value>
                <![CDATA[[TestResult name=verifyEditLinkinSlider status=SUCCESS method=ManageSliderTest.verifyEditLinkinSlider()[pri:0, instance:com.obsquara.testscripts.ManageSliderTest@75f95314] output={null}]]]>
              </value>
            </param>
          </params>
          <reporter-output>
          </reporter-output>
        </test-method> <!-- browserQuit -->
      </class> <!-- com.obsquara.testscripts.ManageSliderTest -->
      <class name="com.obsquara.testscripts.PushNotificationTest">
        <test-method is-config="true" signature="initilizeBrowser(java.lang.String)[pri:0, instance:com.obsquara.testscripts.PushNotificationTest@497486b3]" started-at="2023-04-25T20:46:27 IST" name="initilizeBrowser" finished-at="2023-04-25T20:46:29 IST" duration-ms="2158" status="PASS">
          <params>
            <param index="0">
              <value>
                <![CDATA[chrome]]>
              </value>
            </param>
          </params>
          <reporter-output>
          </reporter-output>
        </test-method> <!-- initilizeBrowser -->
        <test-method signature="verifyPushNotificationPage()[pri:0, instance:com.obsquara.testscripts.PushNotificationTest@497486b3]" started-at="2023-04-25T20:46:29 IST" name="verifyPushNotificationPage" finished-at="2023-04-25T20:46:31 IST" duration-ms="1581" status="PASS">
          <reporter-output>
          </reporter-output>
        </test-method> <!-- verifyPushNotificationPage -->
        <test-method is-config="true" signature="browserQuit(org.testng.ITestResult)[pri:0, instance:com.obsquara.testscripts.PushNotificationTest@497486b3]" started-at="2023-04-25T20:46:31 IST" name="browserQuit" finished-at="2023-04-25T20:46:31 IST" duration-ms="324" status="PASS">
          <params>
            <param index="0">
              <value>
                <![CDATA[[TestResult name=verifyPushNotificationPage status=SUCCESS method=PushNotificationTest.verifyPushNotificationPage()[pri:0, instance:com.obsquara.testscripts.PushNotificationTest@497486b3] output={null}]]]>
              </value>
            </param>
          </params>
          <reporter-output>
          </reporter-output>
        </test-method> <!-- browserQuit -->
        <test-method is-config="true" signature="initilizeBrowser(java.lang.String)[pri:0, instance:com.obsquara.testscripts.PushNotificationTest@497486b3]" started-at="2023-04-25T20:46:31 IST" name="initilizeBrowser" finished-at="2023-04-25T20:46:33 IST" duration-ms="1737" status="PASS">
          <params>
            <param index="0">
              <value>
                <![CDATA[chrome]]>
              </value>
            </param>
          </params>
          <reporter-output>
          </reporter-output>
        </test-method> <!-- initilizeBrowser -->
        <test-method signature="verifyTitleDescriptionField()[pri:0, instance:com.obsquara.testscripts.PushNotificationTest@497486b3]" started-at="2023-04-25T20:46:33 IST" name="verifyTitleDescriptionField" finished-at="2023-04-25T20:46:35 IST" duration-ms="2194" status="PASS">
          <reporter-output>
          </reporter-output>
        </test-method> <!-- verifyTitleDescriptionField -->
        <test-method is-config="true" signature="browserQuit(org.testng.ITestResult)[pri:0, instance:com.obsquara.testscripts.PushNotificationTest@497486b3]" started-at="2023-04-25T20:46:35 IST" name="browserQuit" finished-at="2023-04-25T20:46:36 IST" duration-ms="370" status="PASS">
          <params>
            <param index="0">
              <value>
                <![CDATA[[TestResult name=verifyTitleDescriptionField status=SUCCESS method=PushNotificationTest.verifyTitleDescriptionField()[pri:0, instance:com.obsquara.testscripts.PushNotificationTest@497486b3] output={null}]]]>
              </value>
            </param>
          </params>
          <reporter-output>
          </reporter-output>
        </test-method> <!-- browserQuit -->
      </class> <!-- com.obsquara.testscripts.PushNotificationTest -->
      <class name="com.obsquara.testscripts.ManageDeliveryBoyTest">
        <test-method is-config="true" signature="initilizeBrowser(java.lang.String)[pri:0, instance:com.obsquara.testscripts.ManageDeliveryBoyTest@6127a7e]" started-at="2023-04-25T20:47:07 IST" name="initilizeBrowser" finished-at="2023-04-25T20:47:09 IST" duration-ms="2499" status="PASS">
          <params>
            <param index="0">
              <value>
                <![CDATA[chrome]]>
              </value>
            </param>
          </params>
          <reporter-output>
          </reporter-output>
        </test-method> <!-- initilizeBrowser -->
        <test-method signature="verifyToAddNewDeliveryBoy()[pri:1, instance:com.obsquara.testscripts.ManageDeliveryBoyTest@6127a7e]" started-at="2023-04-25T20:47:09 IST" name="verifyToAddNewDeliveryBoy" finished-at="2023-04-25T20:47:17 IST" duration-ms="8119" status="PASS">
          <reporter-output>
          </reporter-output>
        </test-method> <!-- verifyToAddNewDeliveryBoy -->
        <test-method is-config="true" signature="browserQuit(org.testng.ITestResult)[pri:0, instance:com.obsquara.testscripts.ManageDeliveryBoyTest@6127a7e]" started-at="2023-04-25T20:47:18 IST" name="browserQuit" finished-at="2023-04-25T20:47:18 IST" duration-ms="823" status="PASS">
          <params>
            <param index="0">
              <value>
                <![CDATA[[TestResult name=verifyToAddNewDeliveryBoy status=SUCCESS method=ManageDeliveryBoyTest.verifyToAddNewDeliveryBoy()[pri:1, instance:com.obsquara.testscripts.ManageDeliveryBoyTest@6127a7e] output={null}]]]>
              </value>
            </param>
          </params>
          <reporter-output>
          </reporter-output>
        </test-method> <!-- browserQuit -->
        <test-method is-config="true" signature="initilizeBrowser(java.lang.String)[pri:0, instance:com.obsquara.testscripts.ManageDeliveryBoyTest@6127a7e]" started-at="2023-04-25T20:47:18 IST" name="initilizeBrowser" finished-at="2023-04-25T20:47:21 IST" duration-ms="2690" status="PASS">
          <params>
            <param index="0">
              <value>
                <![CDATA[chrome]]>
              </value>
            </param>
          </params>
          <reporter-output>
          </reporter-output>
        </test-method> <!-- initilizeBrowser -->
        <test-method signature="verifySearchDeliveryBoy()[pri:2, instance:com.obsquara.testscripts.ManageDeliveryBoyTest@6127a7e]" started-at="2023-04-25T20:47:21 IST" name="verifySearchDeliveryBoy" finished-at="2023-04-25T20:47:25 IST" duration-ms="4480" status="PASS">
          <reporter-output>
          </reporter-output>
        </test-method> <!-- verifySearchDeliveryBoy -->
        <test-method is-config="true" signature="browserQuit(org.testng.ITestResult)[pri:0, instance:com.obsquara.testscripts.ManageDeliveryBoyTest@6127a7e]" started-at="2023-04-25T20:47:25 IST" name="browserQuit" finished-at="2023-04-25T20:47:26 IST" duration-ms="710" status="PASS">
          <params>
            <param index="0">
              <value>
                <![CDATA[[TestResult name=verifySearchDeliveryBoy status=SUCCESS method=ManageDeliveryBoyTest.verifySearchDeliveryBoy()[pri:2, instance:com.obsquara.testscripts.ManageDeliveryBoyTest@6127a7e] output={null}]]]>
              </value>
            </param>
          </params>
          <reporter-output>
          </reporter-output>
        </test-method> <!-- browserQuit -->
        <test-method is-config="true" signature="initilizeBrowser(java.lang.String)[pri:0, instance:com.obsquara.testscripts.ManageDeliveryBoyTest@6127a7e]" started-at="2023-04-25T20:47:26 IST" name="initilizeBrowser" finished-at="2023-04-25T20:47:28 IST" duration-ms="2036" status="PASS">
          <params>
            <param index="0">
              <value>
                <![CDATA[chrome]]>
              </value>
            </param>
          </params>
          <reporter-output>
          </reporter-output>
        </test-method> <!-- initilizeBrowser -->
        <test-method signature="verifyDeleteDeliveryBoy()[pri:3, instance:com.obsquara.testscripts.ManageDeliveryBoyTest@6127a7e]" started-at="2023-04-25T20:47:28 IST" name="verifyDeleteDeliveryBoy" finished-at="2023-04-25T20:47:38 IST" duration-ms="9899" status="PASS">
          <reporter-output>
          </reporter-output>
        </test-method> <!-- verifyDeleteDeliveryBoy -->
        <test-method is-config="true" signature="browserQuit(org.testng.ITestResult)[pri:0, instance:com.obsquara.testscripts.ManageDeliveryBoyTest@6127a7e]" started-at="2023-04-25T20:47:38 IST" name="browserQuit" finished-at="2023-04-25T20:47:39 IST" duration-ms="903" status="PASS">
          <params>
            <param index="0">
              <value>
                <![CDATA[[TestResult name=verifyDeleteDeliveryBoy status=SUCCESS method=ManageDeliveryBoyTest.verifyDeleteDeliveryBoy()[pri:3, instance:com.obsquara.testscripts.ManageDeliveryBoyTest@6127a7e] output={null}]]]>
              </value>
            </param>
          </params>
          <reporter-output>
          </reporter-output>
        </test-method> <!-- browserQuit -->
        <test-method is-config="true" signature="initilizeBrowser(java.lang.String)[pri:0, instance:com.obsquara.testscripts.ManageDeliveryBoyTest@6127a7e]" started-at="2023-04-25T20:47:39 IST" name="initilizeBrowser" finished-at="2023-04-25T20:47:41 IST" duration-ms="2131" status="PASS">
          <params>
            <param index="0">
              <value>
                <![CDATA[chrome]]>
              </value>
            </param>
          </params>
          <reporter-output>
          </reporter-output>
        </test-method> <!-- initilizeBrowser -->
        <test-method signature="verifyEditDeliveryBoy()[pri:4, instance:com.obsquara.testscripts.ManageDeliveryBoyTest@6127a7e]" started-at="2023-04-25T20:47:41 IST" name="verifyEditDeliveryBoy" finished-at="2023-04-25T20:48:15 IST" duration-ms="33614" status="PASS">
          <reporter-output>
          </reporter-output>
        </test-method> <!-- verifyEditDeliveryBoy -->
        <test-method is-config="true" signature="browserQuit(org.testng.ITestResult)[pri:0, instance:com.obsquara.testscripts.ManageDeliveryBoyTest@6127a7e]" started-at="2023-04-25T20:48:15 IST" name="browserQuit" finished-at="2023-04-25T20:48:15 IST" duration-ms="629" status="PASS">
          <params>
            <param index="0">
              <value>
                <![CDATA[[TestResult name=verifyEditDeliveryBoy status=SUCCESS method=ManageDeliveryBoyTest.verifyEditDeliveryBoy()[pri:4, instance:com.obsquara.testscripts.ManageDeliveryBoyTest@6127a7e] output={null}]]]>
              </value>
            </param>
          </params>
          <reporter-output>
          </reporter-output>
        </test-method> <!-- browserQuit -->
        <test-method is-config="true" signature="initilizeBrowser(java.lang.String)[pri:0, instance:com.obsquara.testscripts.ManageDeliveryBoyTest@6127a7e]" started-at="2023-04-25T20:48:15 IST" name="initilizeBrowser" finished-at="2023-04-25T20:48:17 IST" duration-ms="1716" status="PASS">
          <params>
            <param index="0">
              <value>
                <![CDATA[chrome]]>
              </value>
            </param>
          </params>
          <reporter-output>
          </reporter-output>
        </test-method> <!-- initilizeBrowser -->
        <test-method signature="verifyResetButton()[pri:5, instance:com.obsquara.testscripts.ManageDeliveryBoyTest@6127a7e]" started-at="2023-04-25T20:48:17 IST" name="verifyResetButton" finished-at="2023-04-25T20:48:19 IST" duration-ms="2033" status="PASS">
          <reporter-output>
          </reporter-output>
        </test-method> <!-- verifyResetButton -->
        <test-method is-config="true" signature="browserQuit(org.testng.ITestResult)[pri:0, instance:com.obsquara.testscripts.ManageDeliveryBoyTest@6127a7e]" started-at="2023-04-25T20:48:19 IST" name="browserQuit" finished-at="2023-04-25T20:48:20 IST" duration-ms="357" status="PASS">
          <params>
            <param index="0">
              <value>
                <![CDATA[[TestResult name=verifyResetButton status=SUCCESS method=ManageDeliveryBoyTest.verifyResetButton()[pri:5, instance:com.obsquara.testscripts.ManageDeliveryBoyTest@6127a7e] output={null}]]]>
              </value>
            </param>
          </params>
          <reporter-output>
          </reporter-output>
        </test-method> <!-- browserQuit -->
      </class> <!-- com.obsquara.testscripts.ManageDeliveryBoyTest -->
      <class name="com.obsquara.testscripts.HomePageTest">
        <test-method is-config="true" signature="initilizeBrowser(java.lang.String)[pri:0, instance:com.obsquara.testscripts.HomePageTest@736caf7a]" started-at="2023-04-25T20:45:40 IST" name="initilizeBrowser" finished-at="2023-04-25T20:45:43 IST" duration-ms="2741" status="PASS">
          <params>
            <param index="0">
              <value>
                <![CDATA[chrome]]>
              </value>
            </param>
          </params>
          <reporter-output>
          </reporter-output>
        </test-method> <!-- initilizeBrowser -->
        <test-method signature="verifyPushUpMenuButton()[pri:0, instance:com.obsquara.testscripts.HomePageTest@736caf7a]" started-at="2023-04-25T20:45:43 IST" name="verifyPushUpMenuButton" finished-at="2023-04-25T20:45:45 IST" duration-ms="2018" status="PASS">
          <reporter-output>
          </reporter-output>
        </test-method> <!-- verifyPushUpMenuButton -->
        <test-method is-config="true" signature="browserQuit(org.testng.ITestResult)[pri:0, instance:com.obsquara.testscripts.HomePageTest@736caf7a]" started-at="2023-04-25T20:45:45 IST" name="browserQuit" finished-at="2023-04-25T20:45:46 IST" duration-ms="658" status="PASS">
          <params>
            <param index="0">
              <value>
                <![CDATA[[TestResult name=verifyPushUpMenuButton status=SUCCESS method=HomePageTest.verifyPushUpMenuButton()[pri:0, instance:com.obsquara.testscripts.HomePageTest@736caf7a] output={null}]]]>
              </value>
            </param>
          </params>
          <reporter-output>
          </reporter-output>
        </test-method> <!-- browserQuit -->
        <test-method is-config="true" signature="initilizeBrowser(java.lang.String)[pri:0, instance:com.obsquara.testscripts.HomePageTest@736caf7a]" started-at="2023-04-25T20:45:46 IST" name="initilizeBrowser" finished-at="2023-04-25T20:45:48 IST" duration-ms="2688" status="PASS">
          <params>
            <param index="0">
              <value>
                <![CDATA[chrome]]>
              </value>
            </param>
          </params>
          <reporter-output>
          </reporter-output>
        </test-method> <!-- initilizeBrowser -->
        <test-method signature="verifySelectFromDashBoard()[pri:0, instance:com.obsquara.testscripts.HomePageTest@736caf7a]" started-at="2023-04-25T20:45:48 IST" name="verifySelectFromDashBoard" finished-at="2023-04-25T20:45:52 IST" duration-ms="3490" status="PASS">
          <reporter-output>
          </reporter-output>
        </test-method> <!-- verifySelectFromDashBoard -->
        <test-method is-config="true" signature="browserQuit(org.testng.ITestResult)[pri:0, instance:com.obsquara.testscripts.HomePageTest@736caf7a]" started-at="2023-04-25T20:45:52 IST" name="browserQuit" finished-at="2023-04-25T20:45:53 IST" duration-ms="655" status="PASS">
          <params>
            <param index="0">
              <value>
                <![CDATA[[TestResult name=verifySelectFromDashBoard status=SUCCESS method=HomePageTest.verifySelectFromDashBoard()[pri:0, instance:com.obsquara.testscripts.HomePageTest@736caf7a] output={null}]]]>
              </value>
            </param>
          </params>
          <reporter-output>
          </reporter-output>
        </test-method> <!-- browserQuit -->
        <test-method is-config="true" signature="initilizeBrowser(java.lang.String)[pri:0, instance:com.obsquara.testscripts.HomePageTest@736caf7a]" started-at="2023-04-25T20:45:53 IST" name="initilizeBrowser" finished-at="2023-04-25T20:45:55 IST" duration-ms="2703" status="PASS">
          <params>
            <param index="0">
              <value>
                <![CDATA[chrome]]>
              </value>
            </param>
          </params>
          <reporter-output>
          </reporter-output>
        </test-method> <!-- initilizeBrowser -->
        <test-method signature="verifySuccessfullyLogout()[pri:0, instance:com.obsquara.testscripts.HomePageTest@736caf7a]" started-at="2023-04-25T20:45:55 IST" name="verifySuccessfullyLogout" finished-at="2023-04-25T20:45:57 IST" duration-ms="2216" status="PASS">
          <reporter-output>
          </reporter-output>
        </test-method> <!-- verifySuccessfullyLogout -->
        <test-method is-config="true" signature="browserQuit(org.testng.ITestResult)[pri:0, instance:com.obsquara.testscripts.HomePageTest@736caf7a]" started-at="2023-04-25T20:45:57 IST" name="browserQuit" finished-at="2023-04-25T20:45:58 IST" duration-ms="705" status="PASS">
          <params>
            <param index="0">
              <value>
                <![CDATA[[TestResult name=verifySuccessfullyLogout status=SUCCESS method=HomePageTest.verifySuccessfullyLogout()[pri:0, instance:com.obsquara.testscripts.HomePageTest@736caf7a] output={null}]]]>
              </value>
            </param>
          </params>
          <reporter-output>
          </reporter-output>
        </test-method> <!-- browserQuit -->
      </class> <!-- com.obsquara.testscripts.HomePageTest -->
      <class name="com.obsquara.testscripts.LoginPageDemoTest">
        <test-method is-config="true" signature="initilizeBrowser(java.lang.String)[pri:0, instance:com.obsquara.testscripts.LoginPageDemoTest@3da05287]" started-at="2023-04-25T20:45:11 IST" name="initilizeBrowser" finished-at="2023-04-25T20:45:17 IST" duration-ms="6155" status="PASS">
          <params>
            <param index="0">
              <value>
                <![CDATA[chrome]]>
              </value>
            </param>
          </params>
          <reporter-output>
          </reporter-output>
        </test-method> <!-- initilizeBrowser -->
        <test-method signature="verifyApplicationLoginSuccess(java.lang.String,java.lang.String)[pri:0, instance:com.obsquara.testscripts.LoginPageDemoTest@3da05287]" started-at="2023-04-25T20:45:17 IST" name="verifyApplicationLoginSuccess" finished-at="2023-04-25T20:45:21 IST" duration-ms="3574" status="PASS">
          <params>
            <param index="0">
              <value>
                <![CDATA[admin]]>
              </value>
            </param>
            <param index="1">
              <value>
                <![CDATA[admin]]>
              </value>
            </param>
          </params>
          <reporter-output>
          </reporter-output>
        </test-method> <!-- verifyApplicationLoginSuccess -->
        <test-method is-config="true" signature="browserQuit(org.testng.ITestResult)[pri:0, instance:com.obsquara.testscripts.LoginPageDemoTest@3da05287]" started-at="2023-04-25T20:45:21 IST" name="browserQuit" finished-at="2023-04-25T20:45:22 IST" duration-ms="843" status="PASS">
          <params>
            <param index="0">
              <value>
                <![CDATA[[TestResult name=verifyApplicationLoginSuccess status=SUCCESS method=LoginPageDemoTest.verifyApplicationLoginSuccess(java.lang.String,java.lang.String)[pri:0, instance:com.obsquara.testscripts.LoginPageDemoTest@3da05287] output={null}]]]>
              </value>
            </param>
          </params>
          <reporter-output>
          </reporter-output>
        </test-method> <!-- browserQuit -->
        <test-method is-config="true" signature="initilizeBrowser(java.lang.String)[pri:0, instance:com.obsquara.testscripts.LoginPageDemoTest@3da05287]" started-at="2023-04-25T20:45:22 IST" name="initilizeBrowser" finished-at="2023-04-25T20:45:24 IST" duration-ms="2792" status="PASS">
          <params>
            <param index="0">
              <value>
                <![CDATA[chrome]]>
              </value>
            </param>
          </params>
          <reporter-output>
          </reporter-output>
        </test-method> <!-- initilizeBrowser -->
        <test-method signature="verifyLoginCredentialsCaseSensitive(java.lang.String,java.lang.String)[pri:0, instance:com.obsquara.testscripts.LoginPageDemoTest@3da05287]" started-at="2023-04-25T20:45:24 IST" name="verifyLoginCredentialsCaseSensitive" finished-at="2023-04-25T20:45:26 IST" duration-ms="1782" status="PASS">
          <params>
            <param index="0">
              <value>
                <![CDATA[admin]]>
              </value>
            </param>
            <param index="1">
              <value>
                <![CDATA[admin]]>
              </value>
            </param>
          </params>
          <reporter-output>
          </reporter-output>
        </test-method> <!-- verifyLoginCredentialsCaseSensitive -->
        <test-method is-config="true" signature="browserQuit(org.testng.ITestResult)[pri:0, instance:com.obsquara.testscripts.LoginPageDemoTest@3da05287]" started-at="2023-04-25T20:45:26 IST" name="browserQuit" finished-at="2023-04-25T20:45:27 IST" duration-ms="662" status="PASS">
          <params>
            <param index="0">
              <value>
                <![CDATA[[TestResult name=verifyLoginCredentialsCaseSensitive status=SUCCESS method=LoginPageDemoTest.verifyLoginCredentialsCaseSensitive(java.lang.String,java.lang.String)[pri:0, instance:com.obsquara.testscripts.LoginPageDemoTest@3da05287] output={null}]]]>
              </value>
            </param>
          </params>
          <reporter-output>
          </reporter-output>
        </test-method> <!-- browserQuit -->
        <test-method is-config="true" signature="initilizeBrowser(java.lang.String)[pri:0, instance:com.obsquara.testscripts.LoginPageDemoTest@3da05287]" started-at="2023-04-25T20:45:27 IST" name="initilizeBrowser" finished-at="2023-04-25T20:45:30 IST" duration-ms="2719" status="PASS">
          <params>
            <param index="0">
              <value>
                <![CDATA[chrome]]>
              </value>
            </param>
          </params>
          <reporter-output>
          </reporter-output>
        </test-method> <!-- initilizeBrowser -->
        <test-method signature="verifyLoginPasswordCaseSensitive(java.lang.String,java.lang.String)[pri:0, instance:com.obsquara.testscripts.LoginPageDemoTest@3da05287]" started-at="2023-04-25T20:45:30 IST" name="verifyLoginPasswordCaseSensitive" finished-at="2023-04-25T20:45:31 IST" duration-ms="1522" status="PASS">
          <params>
            <param index="0">
              <value>
                <![CDATA[admin]]>
              </value>
            </param>
            <param index="1">
              <value>
                <![CDATA[admin]]>
              </value>
            </param>
          </params>
          <reporter-output>
          </reporter-output>
        </test-method> <!-- verifyLoginPasswordCaseSensitive -->
        <test-method is-config="true" signature="browserQuit(org.testng.ITestResult)[pri:0, instance:com.obsquara.testscripts.LoginPageDemoTest@3da05287]" started-at="2023-04-25T20:45:31 IST" name="browserQuit" finished-at="2023-04-25T20:45:32 IST" duration-ms="676" status="PASS">
          <params>
            <param index="0">
              <value>
                <![CDATA[[TestResult name=verifyLoginPasswordCaseSensitive status=SUCCESS method=LoginPageDemoTest.verifyLoginPasswordCaseSensitive(java.lang.String,java.lang.String)[pri:0, instance:com.obsquara.testscripts.LoginPageDemoTest@3da05287] output={null}]]]>
              </value>
            </param>
          </params>
          <reporter-output>
          </reporter-output>
        </test-method> <!-- browserQuit -->
        <test-method is-config="true" signature="initilizeBrowser(java.lang.String)[pri:0, instance:com.obsquara.testscripts.LoginPageDemoTest@3da05287]" started-at="2023-04-25T20:45:32 IST" name="initilizeBrowser" finished-at="2023-04-25T20:45:35 IST" duration-ms="2752" status="PASS">
          <params>
            <param index="0">
              <value>
                <![CDATA[chrome]]>
              </value>
            </param>
          </params>
          <reporter-output>
          </reporter-output>
        </test-method> <!-- initilizeBrowser -->
        <test-method signature="verifytheSignInButton(java.lang.String)[pri:0, instance:com.obsquara.testscripts.LoginPageDemoTest@3da05287]" started-at="2023-04-25T20:45:35 IST" name="verifytheSignInButton" finished-at="2023-04-25T20:45:35 IST" duration-ms="281" status="PASS">
          <params>
            <param index="0">
              <value>
                <![CDATA[Please fill out this field.]]>
              </value>
            </param>
          </params>
          <reporter-output>
          </reporter-output>
        </test-method> <!-- verifytheSignInButton -->
        <test-method is-config="true" signature="browserQuit(org.testng.ITestResult)[pri:0, instance:com.obsquara.testscripts.LoginPageDemoTest@3da05287]" started-at="2023-04-25T20:45:35 IST" name="browserQuit" finished-at="2023-04-25T20:45:36 IST" duration-ms="683" status="PASS">
          <params>
            <param index="0">
              <value>
                <![CDATA[[TestResult name=verifytheSignInButton status=SUCCESS method=LoginPageDemoTest.verifytheSignInButton(java.lang.String)[pri:0, instance:com.obsquara.testscripts.LoginPageDemoTest@3da05287] output={null}]]]>
              </value>
            </param>
          </params>
          <reporter-output>
          </reporter-output>
        </test-method> <!-- browserQuit -->
        <test-method is-config="true" signature="initilizeBrowser(java.lang.String)[pri:0, instance:com.obsquara.testscripts.LoginPageDemoTest@3da05287]" started-at="2023-04-25T20:45:36 IST" name="initilizeBrowser" finished-at="2023-04-25T20:45:38 IST" duration-ms="2729" status="PASS">
          <params>
            <param index="0">
              <value>
                <![CDATA[chrome]]>
              </value>
            </param>
          </params>
          <reporter-output>
          </reporter-output>
        </test-method> <!-- initilizeBrowser -->
        <test-method signature="verifyApplicationLoginFailure(java.lang.String,java.lang.String)[pri:1, instance:com.obsquara.testscripts.LoginPageDemoTest@3da05287]" started-at="2023-04-25T20:45:38 IST" name="verifyApplicationLoginFailure" data-provider="LoginProvider" finished-at="2023-04-25T20:45:40 IST" duration-ms="1389" status="PASS">
          <params>
            <param index="0">
              <value>
                <![CDATA[Vyshna]]>
              </value>
            </param>
            <param index="1">
              <value>
                <![CDATA[V123]]>
              </value>
            </param>
          </params>
          <reporter-output>
          </reporter-output>
        </test-method> <!-- verifyApplicationLoginFailure -->
        <test-method is-config="true" signature="browserQuit(org.testng.ITestResult)[pri:0, instance:com.obsquara.testscripts.LoginPageDemoTest@3da05287]" started-at="2023-04-25T20:45:40 IST" name="browserQuit" finished-at="2023-04-25T20:45:40 IST" duration-ms="646" status="PASS">
          <params>
            <param index="0">
              <value>
                <![CDATA[[TestResult name=verifyApplicationLoginFailure status=SUCCESS method=LoginPageDemoTest.verifyApplicationLoginFailure(java.lang.String,java.lang.String)[pri:1, instance:com.obsquara.testscripts.LoginPageDemoTest@3da05287] output={null}]]]>
              </value>
            </param>
          </params>
          <reporter-output>
          </reporter-output>
        </test-method> <!-- browserQuit -->
      </class> <!-- com.obsquara.testscripts.LoginPageDemoTest -->
      <class name="com.obsquara.testscripts.AdminUserTest">
        <test-method is-config="true" signature="initilizeBrowser(java.lang.String)[pri:0, instance:com.obsquara.testscripts.AdminUserTest@6bbe2511]" started-at="2023-04-25T20:48:20 IST" name="initilizeBrowser" finished-at="2023-04-25T20:48:21 IST" duration-ms="1823" status="PASS">
          <params>
            <param index="0">
              <value>
                <![CDATA[chrome]]>
              </value>
            </param>
          </params>
          <reporter-output>
          </reporter-output>
        </test-method> <!-- initilizeBrowser -->
        <test-method signature="verifyDeleteAdminUser()[pri:0, instance:com.obsquara.testscripts.AdminUserTest@6bbe2511]" started-at="2023-04-25T20:48:21 IST" name="verifyDeleteAdminUser" finished-at="2023-04-25T20:48:32 IST" duration-ms="10791" status="PASS">
          <reporter-output>
          </reporter-output>
        </test-method> <!-- verifyDeleteAdminUser -->
        <test-method is-config="true" signature="browserQuit(org.testng.ITestResult)[pri:0, instance:com.obsquara.testscripts.AdminUserTest@6bbe2511]" started-at="2023-04-25T20:48:32 IST" name="browserQuit" finished-at="2023-04-25T20:48:33 IST" duration-ms="930" status="PASS">
          <params>
            <param index="0">
              <value>
                <![CDATA[[TestResult name=verifyDeleteAdminUser status=SUCCESS method=AdminUserTest.verifyDeleteAdminUser()[pri:0, instance:com.obsquara.testscripts.AdminUserTest@6bbe2511] output={null}]]]>
              </value>
            </param>
          </params>
          <reporter-output>
          </reporter-output>
        </test-method> <!-- browserQuit -->
        <test-method is-config="true" signature="initilizeBrowser(java.lang.String)[pri:0, instance:com.obsquara.testscripts.AdminUserTest@6bbe2511]" started-at="2023-04-25T20:48:33 IST" name="initilizeBrowser" finished-at="2023-04-25T20:48:35 IST" duration-ms="2062" status="PASS">
          <params>
            <param index="0">
              <value>
                <![CDATA[chrome]]>
              </value>
            </param>
          </params>
          <reporter-output>
          </reporter-output>
        </test-method> <!-- initilizeBrowser -->
        <test-method signature="verifyNewAdminUser(java.lang.String,java.lang.String)[pri:0, instance:com.obsquara.testscripts.AdminUserTest@6bbe2511]" started-at="2023-04-25T20:48:35 IST" name="verifyNewAdminUser" data-provider="LoginProvider" finished-at="2023-04-25T20:48:38 IST" duration-ms="2677" status="PASS">
          <params>
            <param index="0">
              <value>
                <![CDATA[Vyshna]]>
              </value>
            </param>
            <param index="1">
              <value>
                <![CDATA[V123]]>
              </value>
            </param>
          </params>
          <reporter-output>
          </reporter-output>
        </test-method> <!-- verifyNewAdminUser -->
        <test-method is-config="true" signature="browserQuit(org.testng.ITestResult)[pri:0, instance:com.obsquara.testscripts.AdminUserTest@6bbe2511]" started-at="2023-04-25T20:48:38 IST" name="browserQuit" finished-at="2023-04-25T20:48:38 IST" duration-ms="429" status="PASS">
          <params>
            <param index="0">
              <value>
                <![CDATA[[TestResult name=verifyNewAdminUser status=SUCCESS method=AdminUserTest.verifyNewAdminUser(java.lang.String,java.lang.String)[pri:0, instance:com.obsquara.testscripts.AdminUserTest@6bbe2511] output={null}]]]>
              </value>
            </param>
          </params>
          <reporter-output>
          </reporter-output>
        </test-method> <!-- browserQuit -->
      </class> <!-- com.obsquara.testscripts.AdminUserTest -->
      <class name="com.obsquara.testscripts.SettingTest">
        <test-method is-config="true" signature="initilizeBrowser(java.lang.String)[pri:0, instance:com.obsquara.testscripts.SettingTest@495fac5f]" started-at="2023-04-25T20:48:38 IST" name="initilizeBrowser" finished-at="2023-04-25T20:48:40 IST" duration-ms="1779" status="PASS">
          <params>
            <param index="0">
              <value>
                <![CDATA[chrome]]>
              </value>
            </param>
          </params>
          <reporter-output>
          </reporter-output>
        </test-method> <!-- initilizeBrowser -->
        <test-method signature="verifyMenuManagement()[pri:0, instance:com.obsquara.testscripts.SettingTest@495fac5f]" started-at="2023-04-25T20:48:40 IST" name="verifyMenuManagement" finished-at="2023-04-25T20:48:52 IST" duration-ms="11686" status="PASS">
          <reporter-output>
          </reporter-output>
        </test-method> <!-- verifyMenuManagement -->
        <test-method is-config="true" signature="browserQuit(org.testng.ITestResult)[pri:0, instance:com.obsquara.testscripts.SettingTest@495fac5f]" started-at="2023-04-25T20:48:52 IST" name="browserQuit" finished-at="2023-04-25T20:48:53 IST" duration-ms="926" status="PASS">
          <params>
            <param index="0">
              <value>
                <![CDATA[[TestResult name=verifyMenuManagement status=SUCCESS method=SettingTest.verifyMenuManagement()[pri:0, instance:com.obsquara.testscripts.SettingTest@495fac5f] output={null}]]]>
              </value>
            </param>
          </params>
          <reporter-output>
          </reporter-output>
        </test-method> <!-- browserQuit -->
        <test-method is-config="true" signature="initilizeBrowser(java.lang.String)[pri:0, instance:com.obsquara.testscripts.SettingTest@495fac5f]" started-at="2023-04-25T20:48:53 IST" name="initilizeBrowser" finished-at="2023-04-25T20:48:55 IST" duration-ms="2728" status="PASS">
          <params>
            <param index="0">
              <value>
                <![CDATA[chrome]]>
              </value>
            </param>
          </params>
          <reporter-output>
          </reporter-output>
        </test-method> <!-- initilizeBrowser -->
        <test-method signature="verifyToChangePassword()[pri:0, instance:com.obsquara.testscripts.SettingTest@495fac5f]" started-at="2023-04-25T20:48:55 IST" name="verifyToChangePassword" finished-at="2023-04-25T20:49:01 IST" duration-ms="6047" status="PASS">
          <reporter-output>
          </reporter-output>
        </test-method> <!-- verifyToChangePassword -->
        <test-method is-config="true" signature="browserQuit(org.testng.ITestResult)[pri:0, instance:com.obsquara.testscripts.SettingTest@495fac5f]" started-at="2023-04-25T20:49:01 IST" name="browserQuit" finished-at="2023-04-25T20:49:02 IST" duration-ms="401" status="PASS">
          <params>
            <param index="0">
              <value>
                <![CDATA[[TestResult name=verifyToChangePassword status=SUCCESS method=SettingTest.verifyToChangePassword()[pri:0, instance:com.obsquara.testscripts.SettingTest@495fac5f] output={null}]]]>
              </value>
            </param>
          </params>
          <reporter-output>
          </reporter-output>
        </test-method> <!-- browserQuit -->
      </class> <!-- com.obsquara.testscripts.SettingTest -->
      <class name="com.obsquara.testscripts.ManageUserTest">
        <test-method is-config="true" signature="initilizeBrowser(java.lang.String)[pri:0, instance:com.obsquara.testscripts.ManageUserTest@63f8276e]" started-at="2023-04-25T20:46:36 IST" name="initilizeBrowser" finished-at="2023-04-25T20:46:38 IST" duration-ms="2659" status="PASS">
          <params>
            <param index="0">
              <value>
                <![CDATA[chrome]]>
              </value>
            </param>
          </params>
          <reporter-output>
          </reporter-output>
        </test-method> <!-- initilizeBrowser -->
        <test-method signature="verifySearchButtonColor()[pri:0, instance:com.obsquara.testscripts.ManageUserTest@63f8276e]" started-at="2023-04-25T20:46:38 IST" name="verifySearchButtonColor" finished-at="2023-04-25T20:46:41 IST" duration-ms="2839" status="PASS">
          <reporter-output>
          </reporter-output>
        </test-method> <!-- verifySearchButtonColor -->
        <test-method is-config="true" signature="browserQuit(org.testng.ITestResult)[pri:0, instance:com.obsquara.testscripts.ManageUserTest@63f8276e]" started-at="2023-04-25T20:46:41 IST" name="browserQuit" finished-at="2023-04-25T20:46:42 IST" duration-ms="721" status="PASS">
          <params>
            <param index="0">
              <value>
                <![CDATA[[TestResult name=verifySearchButtonColor status=SUCCESS method=ManageUserTest.verifySearchButtonColor()[pri:0, instance:com.obsquara.testscripts.ManageUserTest@63f8276e] output={null}]]]>
              </value>
            </param>
          </params>
          <reporter-output>
          </reporter-output>
        </test-method> <!-- browserQuit -->
        <test-method is-config="true" signature="initilizeBrowser(java.lang.String)[pri:0, instance:com.obsquara.testscripts.ManageUserTest@63f8276e]" started-at="2023-04-25T20:46:42 IST" name="initilizeBrowser" finished-at="2023-04-25T20:46:44 IST" duration-ms="2575" status="PASS">
          <params>
            <param index="0">
              <value>
                <![CDATA[chrome]]>
              </value>
            </param>
          </params>
          <reporter-output>
          </reporter-output>
        </test-method> <!-- initilizeBrowser -->
        <test-method signature="verifySearchUserandPasswrdShownInDetail()[pri:0, instance:com.obsquara.testscripts.ManageUserTest@63f8276e]" started-at="2023-04-25T20:46:44 IST" name="verifySearchUserandPasswrdShownInDetail" finished-at="2023-04-25T20:46:46 IST" duration-ms="1815" status="PASS">
          <reporter-output>
          </reporter-output>
        </test-method> <!-- verifySearchUserandPasswrdShownInDetail -->
        <test-method is-config="true" signature="browserQuit(org.testng.ITestResult)[pri:0, instance:com.obsquara.testscripts.ManageUserTest@63f8276e]" started-at="2023-04-25T20:46:46 IST" name="browserQuit" finished-at="2023-04-25T20:46:47 IST" duration-ms="306" status="PASS">
          <params>
            <param index="0">
              <value>
                <![CDATA[[TestResult name=verifySearchUserandPasswrdShownInDetail status=SUCCESS method=ManageUserTest.verifySearchUserandPasswrdShownInDetail()[pri:0, instance:com.obsquara.testscripts.ManageUserTest@63f8276e] output={null}]]]>
              </value>
            </param>
          </params>
          <reporter-output>
          </reporter-output>
        </test-method> <!-- browserQuit -->
      </class> <!-- com.obsquara.testscripts.ManageUserTest -->
    </test> <!-- Test -->
  </suite> <!-- Suite -->
</testng-results>
